Using pre-set license
Built from '2020.3/staging' branch; Version is '2020.3.30f1 (1fb1bf06830e) revision 2077119'; Using compiler version '192528614'; Build Type 'Release'
OS: 'Windows 10  (10.0.19044) 64bit Core' Language: 'pt' Physical Memory: 8043 MB
BatchMode: 1, IsHumanControllingUs: 0, StartBugReporterOnCrash: 0, Is64bit: 1, IsPro: 0

COMMAND LINE ARGUMENTS:
C:\Program Files\Unity\Hub\Editor\2020.3.30f1\Editor\Unity.exe
-adb2
-batchMode
-noUpm
-name
AssetImportWorker0
-projectPath
C:/Users/User/Documents/GitHub/CGSProjetoFinal/CGSProjetoFinal
-logFile
Logs/AssetImportWorker0.log
-srvPort
63344
Successfully changed project path to: C:/Users/User/Documents/GitHub/CGSProjetoFinal/CGSProjetoFinal
C:/Users/User/Documents/GitHub/CGSProjetoFinal/CGSProjetoFinal
Using Asset Import Pipeline V2.
Refreshing native plugins compatible for Editor in 47.01 ms, found 2 plugins.
Preloading 0 native plugins for Editor in 0.00 ms.
Initialize engine version: 2020.3.30f1 (1fb1bf06830e)
[Subsystems] Discovering subsystems at path C:/Program Files/Unity/Hub/Editor/2020.3.30f1/Editor/Data/Resources/UnitySubsystems
[Subsystems] Discovering subsystems at path C:/Users/User/Documents/GitHub/CGSProjetoFinal/CGSProjetoFinal/Assets
GfxDevice: creating device client; threaded=0
Direct3D:
    Version:  Direct3D 11.0 [level 11.1]
    Renderer: NVIDIA GeForce MX150 (ID=0x1d10)
    Vendor:   
    VRAM:     1983 MB
    Driver:   30.0.15.1295
Initialize mono
Mono path[0] = 'C:/Program Files/Unity/Hub/Editor/2020.3.30f1/Editor/Data/Managed'
Mono path[1] = 'C:/Program Files/Unity/Hub/Editor/2020.3.30f1/Editor/Data/MonoBleedingEdge/lib/mono/unityjit'
Mono config path = 'C:/Program Files/Unity/Hub/Editor/2020.3.30f1/Editor/Data/MonoBleedingEdge/etc'
Using monoOptions --debugger-agent=transport=dt_socket,embedding=1,server=y,suspend=n,address=127.0.0.1:56444
Begin MonoManager ReloadAssembly
Registering precompiled unity dll's ...
Register platform support module: C:/Program Files/Unity/Hub/Editor/2020.3.30f1/Editor/Data/PlaybackEngines/WindowsStandaloneSupport/UnityEditor.WindowsStandalone.Extensions.dll
Registered in 0.002605 seconds.
Native extension for WindowsStandalone target not found
Refreshing native plugins compatible for Editor in 42.52 ms, found 2 plugins.
Preloading 0 native plugins for Editor in 0.00 ms.
Mono: successfully reloaded assembly
- Completed reload, in  0.615 seconds
Domain Reload Profiling:
	ReloadAssembly (616ms)
		BeginReloadAssembly (79ms)
			ExecutionOrderSort (0ms)
			DisableScriptedObjects (0ms)
			BackupInstance (0ms)
			ReleaseScriptingObjects (0ms)
			CreateAndSetChildDomain (1ms)
		EndReloadAssembly (461ms)
			LoadAssemblies (76ms)
			RebuildTransferFunctionScriptingTraits (0ms)
			SetupTypeCache (154ms)
			ReleaseScriptCaches (0ms)
			RebuildScriptCaches (31ms)
			SetupLoadedEditorAssemblies (173ms)
				LogAssemblyErrors (0ms)
				InitializePlatformSupportModulesInManaged (4ms)
				SetLoadedEditorAssemblies (0ms)
				RefreshPlugins (43ms)
				BeforeProcessingInitializeOnLoad (17ms)
				ProcessInitializeOnLoadAttributes (80ms)
				ProcessInitializeOnLoadMethodAttributes (28ms)
				AfterProcessingInitializeOnLoad (0ms)
				EditorAssembliesLoaded (0ms)
			ExecutionOrderSort2 (0ms)
			AwakeInstancesAfterBackupRestoration (0ms)
Platform modules already initialized, skipping
Registering precompiled user dll's ...
Registered in 0.003890 seconds.
Begin MonoManager ReloadAssembly
Native extension for WindowsStandalone target not found
Refreshing native plugins compatible for Editor in 0.52 ms, found 2 plugins.
Preloading 0 native plugins for Editor in 0.00 ms.
Mono: successfully reloaded assembly
- Completed reload, in  1.214 seconds
Domain Reload Profiling:
	ReloadAssembly (1216ms)
		BeginReloadAssembly (170ms)
			ExecutionOrderSort (0ms)
			DisableScriptedObjects (5ms)
			BackupInstance (0ms)
			ReleaseScriptingObjects (0ms)
			CreateAndSetChildDomain (20ms)
		EndReloadAssembly (976ms)
			LoadAssemblies (110ms)
			RebuildTransferFunctionScriptingTraits (0ms)
			SetupTypeCache (294ms)
			ReleaseScriptCaches (0ms)
			RebuildScriptCaches (68ms)
			SetupLoadedEditorAssemblies (403ms)
				LogAssemblyErrors (0ms)
				InitializePlatformSupportModulesInManaged (7ms)
				SetLoadedEditorAssemblies (1ms)
				RefreshPlugins (1ms)
				BeforeProcessingInitializeOnLoad (114ms)
				ProcessInitializeOnLoadAttributes (263ms)
				ProcessInitializeOnLoadMethodAttributes (9ms)
				AfterProcessingInitializeOnLoad (9ms)
				EditorAssembliesLoaded (0ms)
			ExecutionOrderSort2 (0ms)
			AwakeInstancesAfterBackupRestoration (7ms)
Platform modules already initialized, skipping
========================================================================
Worker process is ready to serve import requests
Launched and connected shader compiler UnityShaderCompiler.exe after 0.05 seconds
Refreshing native plugins compatible for Editor in 0.47 ms, found 2 plugins.
Preloading 0 native plugins for Editor in 0.00 ms.
Unloading 2115 Unused Serialized files (Serialized files now loaded: 0)
System memory in use before: 108.2 MB.
System memory in use after: 108.2 MB.

Unloading 18 unused Assets to reduce memory usage. Loaded Objects now: 2569.
Total: 3.014100 ms (FindLiveObjects: 0.187900 ms CreateObjectMapping: 0.074100 ms MarkObjects: 2.592300 ms  DeleteObjects: 0.159100 ms)

AssetImportParameters requested are different than current active one (requested -> active):
  custom:framework-win-MediaFoundation: 216162199b28c13a410421893ffa2e32 -> 
  custom:video-decoder-ogg-theora: a1e56fd34408186e4bbccfd4996cb3dc -> 
  custom:container-muxer-webm: aa71ff27fc2769a1b78a27578f13a17b -> 
  custom:container-demuxer-webm: 4f35f7cbe854078d1ac9338744f61a02 -> 
  custom:container-demuxer-ogg: 62fdf1f143b41e24485cea50d1cbac27 -> 
  custom:video-encoder-webm-vp8: eb34c28f22e8b96e1ab97ce403110664 -> 
  custom:video-decoder-webm-vp8: 9c59270c3fd7afecdb556c50c9e8de78 -> 
  custom:audio-decoder-ogg-vorbis: bf7c407c2cedff20999df2af8eb42d56 -> 
  custom:audio-encoder-webm-vorbis: bf7c407c2cedff20999df2af8eb42d56 -> 
========================================================================
Received Import Request.
  path: Assets/Mats/ExplosionMat2.mat
  artifactKey: Guid(1045df9b9fe3dd2479453a05c7717363) Importer(815301076,1909f56bfc062723c751e8b465ee728b)
Start importing Assets/Mats/ExplosionMat2.mat using Guid(1045df9b9fe3dd2479453a05c7717363) Importer(815301076,1909f56bfc062723c751e8b465ee728b)  -> (artifact id: '791168968a2865ae4852be2fc489454f') in 0.139861 seconds 
========================================================================
Received Prepare
Refreshing native plugins compatible for Editor in 3.42 ms, found 2 plugins.
Preloading 0 native plugins for Editor in 0.00 ms.
Unloading 10 Unused Serialized files (Serialized files now loaded: 0)
System memory in use before: 66.5 MB.
System memory in use after: 66.6 MB.

Unloading 10 unused Assets to reduce memory usage. Loaded Objects now: 2609.
Total: 6.086700 ms (FindLiveObjects: 0.235500 ms CreateObjectMapping: 0.101500 ms MarkObjects: 5.628700 ms  DeleteObjects: 0.120100 ms)

AssetImportParameters requested are different than current active one (requested -> active):
  colorSpace: 1 -> 0
  custom:framework-win-MediaFoundation: 216162199b28c13a410421893ffa2e32 -> 
  custom:video-decoder-ogg-theora: a1e56fd34408186e4bbccfd4996cb3dc -> 
  custom:container-muxer-webm: aa71ff27fc2769a1b78a27578f13a17b -> 
  custom:container-demuxer-webm: 4f35f7cbe854078d1ac9338744f61a02 -> 
  custom:container-demuxer-ogg: 62fdf1f143b41e24485cea50d1cbac27 -> 
  custom:video-encoder-webm-vp8: eb34c28f22e8b96e1ab97ce403110664 -> 
  custom:video-decoder-webm-vp8: 9c59270c3fd7afecdb556c50c9e8de78 -> 
  custom:audio-decoder-ogg-vorbis: bf7c407c2cedff20999df2af8eb42d56 -> 
  custom:audio-encoder-webm-vorbis: bf7c407c2cedff20999df2af8eb42d56 -> 
========================================================================
Received Import Request.
  Time since last request: 586.294450 seconds.
  path: Assets/Textures/GameIcon.png
  artifactKey: Guid(3db9db63bd8ed5c408593e2d9b51ee12) Importer(815301076,1909f56bfc062723c751e8b465ee728b)
Start importing Assets/Textures/GameIcon.png using Guid(3db9db63bd8ed5c408593e2d9b51ee12) Importer(815301076,1909f56bfc062723c751e8b465ee728b)  -> (artifact id: '5af4f0b4c4aeaa20124466af59546dc0') in 0.061899 seconds 
========================================================================
Received Import Request.
  Time since last request: 319.400398 seconds.
  path: Assets/TextMesh Pro/Examples & Extras/Resources/Fonts & Materials/Roboto-Bold SDF.asset
  artifactKey: Guid(5302535af1044152a457ed104f1f4b91) Importer(815301076,1909f56bfc062723c751e8b465ee728b)
Start importing Assets/TextMesh Pro/Examples & Extras/Resources/Fonts & Materials/Roboto-Bold SDF.asset using Guid(5302535af1044152a457ed104f1f4b91) Importer(815301076,1909f56bfc062723c751e8b465ee728b)  -> (artifact id: 'e5b0a570d00fbc905e9de66c4dd1fd3e') in 0.058258 seconds 
========================================================================
Received Import Request.
  Time since last request: 0.461523 seconds.
  path: Assets/TextMesh Pro/Examples & Extras/Resources/Fonts & Materials/Oswald Bold SDF.asset
  artifactKey: Guid(0161d805a3764c089bef00bfe00793f5) Importer(815301076,1909f56bfc062723c751e8b465ee728b)
Start importing Assets/TextMesh Pro/Examples & Extras/Resources/Fonts & Materials/Oswald Bold SDF.asset using Guid(0161d805a3764c089bef00bfe00793f5) Importer(815301076,1909f56bfc062723c751e8b465ee728b)  -> (artifact id: '9d01f9eeba9fbec62b09d8148cc5455c') in 0.025933 seconds 
========================================================================
Received Import Request.
  Time since last request: 0.046761 seconds.
  path: Assets/TextMesh Pro/Resources/Fonts & Materials/LiberationSans SDF - Fallback.asset
  artifactKey: Guid(2e498d1c8094910479dc3e1b768306a4) Importer(815301076,1909f56bfc062723c751e8b465ee728b)
Start importing Assets/TextMesh Pro/Resources/Fonts & Materials/LiberationSans SDF - Fallback.asset using Guid(2e498d1c8094910479dc3e1b768306a4) Importer(815301076,1909f56bfc062723c751e8b465ee728b)  -> (artifact id: 'a0e96e5655d89081f8190c4f07637252') in 0.020451 seconds 
========================================================================
Received Import Request.
  Time since last request: 0.797764 seconds.
  path: Assets/TextMesh Pro/Examples & Extras/Resources/Fonts & Materials/Electronic Highway Sign SDF.asset
  artifactKey: Guid(dc36b3fdc14f47ebb36fd484a67e268a) Importer(815301076,1909f56bfc062723c751e8b465ee728b)
Start importing Assets/TextMesh Pro/Examples & Extras/Resources/Fonts & Materials/Electronic Highway Sign SDF.asset using Guid(dc36b3fdc14f47ebb36fd484a67e268a) Importer(815301076,1909f56bfc062723c751e8b465ee728b)  -> (artifact id: 'b176f2ecd0fd7bd800399515e4e298df') in 0.019763 seconds 
========================================================================
Received Import Request.
  Time since last request: 0.948106 seconds.
  path: Assets/TextMesh Pro/Examples & Extras/Resources/Fonts & Materials/Bangers SDF.asset
  artifactKey: Guid(125cb55b44b24c4393181402bc6200e6) Importer(815301076,1909f56bfc062723c751e8b465ee728b)
Start importing Assets/TextMesh Pro/Examples & Extras/Resources/Fonts & Materials/Bangers SDF.asset using Guid(125cb55b44b24c4393181402bc6200e6) Importer(815301076,1909f56bfc062723c751e8b465ee728b)  -> (artifact id: 'd1622bdf60752a398acdfe981ef184d1') in 0.056477 seconds 
========================================================================
Received Import Request.
  Time since last request: 0.000450 seconds.
  path: Assets/TextMesh Pro/Examples & Extras/Resources/Fonts & Materials/Anton SDF.asset
  artifactKey: Guid(8a89fa14b10d46a99122fd4f73fca9a2) Importer(815301076,1909f56bfc062723c751e8b465ee728b)
Start importing Assets/TextMesh Pro/Examples & Extras/Resources/Fonts & Materials/Anton SDF.asset using Guid(8a89fa14b10d46a99122fd4f73fca9a2) Importer(815301076,1909f56bfc062723c751e8b465ee728b)  -> (artifact id: '5f3575c59ab1a0bbd27d5e7dacca8dad') in 0.051016 seconds 
========================================================================
Received Import Request.
  Time since last request: 131.585003 seconds.
  path: Assets/Textures/Bomb Albedo.png
  artifactKey: Guid(4f45e45d6da4dc04db59ad21b2a30ef4) Importer(815301076,1909f56bfc062723c751e8b465ee728b)
Start importing Assets/Textures/Bomb Albedo.png using Guid(4f45e45d6da4dc04db59ad21b2a30ef4) Importer(815301076,1909f56bfc062723c751e8b465ee728b)  -> (artifact id: '227576678e3efdac9a451c1489f196d9') in 0.025019 seconds 
========================================================================
Received Import Request.
  Time since last request: 0.000627 seconds.
  path: Assets/Textures/Floor_Texture_Albedo.png
  artifactKey: Guid(2f5a244e24101894b9c55fc869b97068) Importer(815301076,1909f56bfc062723c751e8b465ee728b)
Start importing Assets/Textures/Floor_Texture_Albedo.png using Guid(2f5a244e24101894b9c55fc869b97068) Importer(815301076,1909f56bfc062723c751e8b465ee728b)  -> (artifact id: 'dee59b29d1eeb90fc7752821c263a6c2') in 0.019138 seconds 
========================================================================
Received Import Request.
  Time since last request: 0.000692 seconds.
  path: Assets/Textures/Bomb Normal.png
  artifactKey: Guid(a2825e79b0c9833499ea5af56c3fcbd8) Importer(815301076,1909f56bfc062723c751e8b465ee728b)
Start importing Assets/Textures/Bomb Normal.png using Guid(a2825e79b0c9833499ea5af56c3fcbd8) Importer(815301076,1909f56bfc062723c751e8b465ee728b)  -> (artifact id: 'a8d0c7e9acf333534b75b068aba7afae') in 0.021770 seconds 
========================================================================
Received Import Request.
  Time since last request: 0.000489 seconds.
  path: Assets/Textures/Bomb0_Texture_Albedo.png
  artifactKey: Guid(8aaec3abcc07a69418ff4364c6d7f5c1) Importer(815301076,1909f56bfc062723c751e8b465ee728b)
Start importing Assets/Textures/Bomb0_Texture_Albedo.png using Guid(8aaec3abcc07a69418ff4364c6d7f5c1) Importer(815301076,1909f56bfc062723c751e8b465ee728b)  -> (artifact id: 'd98a58c1fb74f4ced3eb6d2bf6ac3629') in 0.037196 seconds 
========================================================================
Received Import Request.
  Time since last request: 0.000482 seconds.
  path: Assets/Textures/Bomb1_Texture_Albedo.png
  artifactKey: Guid(3c4b3009d882c374fb7f72e317e8e7e0) Importer(815301076,1909f56bfc062723c751e8b465ee728b)
Start importing Assets/Textures/Bomb1_Texture_Albedo.png using Guid(3c4b3009d882c374fb7f72e317e8e7e0) Importer(815301076,1909f56bfc062723c751e8b465ee728b)  -> (artifact id: '8f8f39fe600392f9ca7d00bfd6d149ec') in 0.040768 seconds 
========================================================================
Received Import Request.
  Time since last request: 0.000428 seconds.
  path: Assets/Textures/Bomb2_Texture_Albedo.png
  artifactKey: Guid(66b37daf0bce2044898beeb32ebeb803) Importer(815301076,1909f56bfc062723c751e8b465ee728b)
Start importing Assets/Textures/Bomb2_Texture_Albedo.png using Guid(66b37daf0bce2044898beeb32ebeb803) Importer(815301076,1909f56bfc062723c751e8b465ee728b)  -> (artifact id: '638a198a9c6fe52bcf49829915c19aee') in 0.019355 seconds 
========================================================================
Received Import Request.
  Time since last request: 0.000485 seconds.
  path: Assets/Textures/Door_Texture.png
  artifactKey: Guid(c1f2b8c09bfaf234396c22a5b2ffa1af) Importer(815301076,1909f56bfc062723c751e8b465ee728b)
Start importing Assets/Textures/Door_Texture.png using Guid(c1f2b8c09bfaf234396c22a5b2ffa1af) Importer(815301076,1909f56bfc062723c751e8b465ee728b)  -> (artifact id: '5495c2251a264f5d91bb8e6a06c657db') in 0.016617 seconds 
========================================================================
Received Import Request.
  Time since last request: 0.000476 seconds.
  path: Assets/Textures/WallCrack_Texture_Albedo.png
  artifactKey: Guid(513c24c6f35fe46478904ea72836a9ea) Importer(815301076,1909f56bfc062723c751e8b465ee728b)
Start importing Assets/Textures/WallCrack_Texture_Albedo.png using Guid(513c24c6f35fe46478904ea72836a9ea) Importer(815301076,1909f56bfc062723c751e8b465ee728b)  -> (artifact id: '8d8990841c34dc330757acbc381a384e') in 0.014021 seconds 
========================================================================
Received Import Request.
  Time since last request: 0.001045 seconds.
  path: Assets/Textures/Bomb1_Texture_Emit.png
  artifactKey: Guid(5c4941dd74bbe2f4fbb4b184f6f7626c) Importer(815301076,1909f56bfc062723c751e8b465ee728b)
Start importing Assets/Textures/Bomb1_Texture_Emit.png using Guid(5c4941dd74bbe2f4fbb4b184f6f7626c) Importer(815301076,1909f56bfc062723c751e8b465ee728b)  -> (artifact id: 'f17704ff5e1ab2109727c9233ec06514') in 0.014554 seconds 
========================================================================
Received Import Request.
  Time since last request: 0.000487 seconds.
  path: Assets/Textures/Bomb3_Texture_Emit.png
  artifactKey: Guid(2947651ba02e06e44af619b7617401eb) Importer(815301076,1909f56bfc062723c751e8b465ee728b)
Start importing Assets/Textures/Bomb3_Texture_Emit.png using Guid(2947651ba02e06e44af619b7617401eb) Importer(815301076,1909f56bfc062723c751e8b465ee728b)  -> (artifact id: 'e82d8f19b4c1f25a781d95defcbb907f') in 0.015215 seconds 
========================================================================
Received Import Request.
  Time since last request: 0.000487 seconds.
  path: Assets/Textures/Heart2.png
  artifactKey: Guid(7855fe8dd26b6ff47bedb414d818e085) Importer(815301076,1909f56bfc062723c751e8b465ee728b)
Start importing Assets/Textures/Heart2.png using Guid(7855fe8dd26b6ff47bedb414d818e085) Importer(815301076,1909f56bfc062723c751e8b465ee728b)  -> (artifact id: 'db26642f74de124b3c653e570639d623') in 0.034833 seconds 
========================================================================
Received Import Request.
  Time since last request: 0.000686 seconds.
  path: Assets/Textures/Bomb2_Texture_Emit.png
  artifactKey: Guid(4a372437b5c994f4dbc5df28a4e6b309) Importer(815301076,1909f56bfc062723c751e8b465ee728b)
Start importing Assets/Textures/Bomb2_Texture_Emit.png using Guid(4a372437b5c994f4dbc5df28a4e6b309) Importer(815301076,1909f56bfc062723c751e8b465ee728b)  -> (artifact id: '301abb125399dae2d67cbc1b461ce4ce') in 0.013652 seconds 
========================================================================
Received Import Request.
  Time since last request: 0.000990 seconds.
  path: Assets/Textures/Bomb Oclusion.png
  artifactKey: Guid(9fa2c072a8a21e74299ab424d1365b9b) Importer(815301076,1909f56bfc062723c751e8b465ee728b)
Start importing Assets/Textures/Bomb Oclusion.png using Guid(9fa2c072a8a21e74299ab424d1365b9b) Importer(815301076,1909f56bfc062723c751e8b465ee728b)  -> (artifact id: '17af6b980d8f02749bb702ff17b7fd5d') in 0.013928 seconds 
========================================================================
Received Import Request.
  Time since last request: 0.000759 seconds.
  path: Assets/Textures/Slime_Texture.png
  artifactKey: Guid(1757db0bc403d64438649eb911234d8f) Importer(815301076,1909f56bfc062723c751e8b465ee728b)
Start importing Assets/Textures/Slime_Texture.png using Guid(1757db0bc403d64438649eb911234d8f) Importer(815301076,1909f56bfc062723c751e8b465ee728b)  -> (artifact id: 'eb1dee8c7ff911aef19b99bc9de5b9e3') in 0.012594 seconds 
========================================================================
Received Import Request.
  Time since last request: 0.000532 seconds.
  path: Assets/Textures/ScrewDriver_Texture.png
  artifactKey: Guid(23f4c57ac85f91141815db89dbd763cc) Importer(815301076,1909f56bfc062723c751e8b465ee728b)
Start importing Assets/Textures/ScrewDriver_Texture.png using Guid(23f4c57ac85f91141815db89dbd763cc) Importer(815301076,1909f56bfc062723c751e8b465ee728b)  -> (artifact id: '7cad9baa84a096904405b6ad55b77f76') in 0.012996 seconds 
========================================================================
Received Import Request.
  Time since last request: 0.000516 seconds.
  path: Assets/Textures/Floor_Texture_Normal.png
  artifactKey: Guid(7f0c6442ca5f2c34eb76005c905efcc4) Importer(815301076,1909f56bfc062723c751e8b465ee728b)
Start importing Assets/Textures/Floor_Texture_Normal.png using Guid(7f0c6442ca5f2c34eb76005c905efcc4) Importer(815301076,1909f56bfc062723c751e8b465ee728b)  -> (artifact id: '93f701baa8feb6cc6c4585bc41704761') in 0.014804 seconds 
========================================================================
Received Import Request.
  Time since last request: 0.000514 seconds.
  path: Assets/Textures/KeyCardFinal.png
  artifactKey: Guid(a80948b95dfe6e041a721a914bc842ec) Importer(815301076,1909f56bfc062723c751e8b465ee728b)
Start importing Assets/Textures/KeyCardFinal.png using Guid(a80948b95dfe6e041a721a914bc842ec) Importer(815301076,1909f56bfc062723c751e8b465ee728b)  -> (artifact id: '586c858c141768cc736794f975a8456e') in 0.012616 seconds 
========================================================================
Received Import Request.
  Time since last request: 0.000437 seconds.
  path: Assets/Textures/Bomb0_Texture_Emit.png
  artifactKey: Guid(20d980a7a23fa0d47904e152ef974124) Importer(815301076,1909f56bfc062723c751e8b465ee728b)
Start importing Assets/Textures/Bomb0_Texture_Emit.png using Guid(20d980a7a23fa0d47904e152ef974124) Importer(815301076,1909f56bfc062723c751e8b465ee728b)  -> (artifact id: '473a178cf6c1aa29bbe5ff8d4f74477b') in 0.014991 seconds 
========================================================================
Received Import Request.
  Time since last request: 0.000585 seconds.
  path: Assets/Textures/Bomb3_Texture_Albedo.png
  artifactKey: Guid(7b394c849df05dd4da79d25cb19397bb) Importer(815301076,1909f56bfc062723c751e8b465ee728b)
Start importing Assets/Textures/Bomb3_Texture_Albedo.png using Guid(7b394c849df05dd4da79d25cb19397bb) Importer(815301076,1909f56bfc062723c751e8b465ee728b)  -> (artifact id: '6a2cee66bc9edf15f09e3a61e690dd93') in 0.014951 seconds 
========================================================================
Received Import Request.
  Time since last request: 0.000498 seconds.
  path: Assets/Textures/Lazer_Texture.png
  artifactKey: Guid(82e2f7b621c85ba4a9db444495017e89) Importer(815301076,1909f56bfc062723c751e8b465ee728b)
Start importing Assets/Textures/Lazer_Texture.png using Guid(82e2f7b621c85ba4a9db444495017e89) Importer(815301076,1909f56bfc062723c751e8b465ee728b)  -> (artifact id: '46e5bc5a9a680858affc50024eb3d73f') in 0.014061 seconds 
========================================================================
Received Import Request.
  Time since last request: 0.000535 seconds.
  path: Assets/Textures/CardReader_Texture_Albedo.png
  artifactKey: Guid(72750448c9409f940993a89a8224c924) Importer(815301076,1909f56bfc062723c751e8b465ee728b)
Start importing Assets/Textures/CardReader_Texture_Albedo.png using Guid(72750448c9409f940993a89a8224c924) Importer(815301076,1909f56bfc062723c751e8b465ee728b)  -> (artifact id: '22569420dafabd011d76c6112c17d139') in 0.013193 seconds 
========================================================================
Received Import Request.
  Time since last request: 0.001280 seconds.
  path: Assets/Textures/PowerPanel_Texture.png
  artifactKey: Guid(b9dfe5027917bfa4093ff24bc3d558f5) Importer(815301076,1909f56bfc062723c751e8b465ee728b)
Start importing Assets/Textures/PowerPanel_Texture.png using Guid(b9dfe5027917bfa4093ff24bc3d558f5) Importer(815301076,1909f56bfc062723c751e8b465ee728b)  -> (artifact id: '0e6e9c166285156861eaae0b090b7b6c') in 0.013913 seconds 
========================================================================
Received Import Request.
  Time since last request: 0.000497 seconds.
  path: Assets/Textures/DoorFrame_Texture.png
  artifactKey: Guid(923ffd8d394239f4b916e9690e87a8d0) Importer(815301076,1909f56bfc062723c751e8b465ee728b)
Start importing Assets/Textures/DoorFrame_Texture.png using Guid(923ffd8d394239f4b916e9690e87a8d0) Importer(815301076,1909f56bfc062723c751e8b465ee728b)  -> (artifact id: '0c73b6079515f05055aa9506e5b160ec') in 0.013708 seconds 
========================================================================
Received Import Request.
  Time since last request: 0.000985 seconds.
  path: Assets/Textures/Heart1.png
  artifactKey: Guid(89e86c79a2586cb4d9c975d67253f5dd) Importer(815301076,1909f56bfc062723c751e8b465ee728b)
Start importing Assets/Textures/Heart1.png using Guid(89e86c79a2586cb4d9c975d67253f5dd) Importer(815301076,1909f56bfc062723c751e8b465ee728b)  -> (artifact id: 'c36698925e0166a09edb57bd46a478c6') in 0.018935 seconds 
========================================================================
Received Import Request.
  Time since last request: 0.000722 seconds.
  path: Assets/Textures/Heart.png
  artifactKey: Guid(727a8515aedbad1408681b0f22ed7877) Importer(815301076,1909f56bfc062723c751e8b465ee728b)
Start importing Assets/Textures/Heart.png using Guid(727a8515aedbad1408681b0f22ed7877) Importer(815301076,1909f56bfc062723c751e8b465ee728b)  -> (artifact id: '98b8bf10874e5248cbdc32109ad46f40') in 0.017320 seconds 
========================================================================
Received Import Request.
  Time since last request: 0.001242 seconds.
  path: Assets/Textures/Wall_Texture_Albedo.png
  artifactKey: Guid(c62775f6ed8f7e740993cdddfcaeb1d7) Importer(815301076,1909f56bfc062723c751e8b465ee728b)
Start importing Assets/Textures/Wall_Texture_Albedo.png using Guid(c62775f6ed8f7e740993cdddfcaeb1d7) Importer(815301076,1909f56bfc062723c751e8b465ee728b)  -> (artifact id: 'd11979e1002eba4bbd15ab058d91c4b9') in 0.012274 seconds 
========================================================================
Received Import Request.
  Time since last request: 0.000503 seconds.
  path: Assets/Textures/Spikes_Albedo.png
  artifactKey: Guid(5f47aedae00ab1144afad632ed420b4e) Importer(815301076,1909f56bfc062723c751e8b465ee728b)
Start importing Assets/Textures/Spikes_Albedo.png using Guid(5f47aedae00ab1144afad632ed420b4e) Importer(815301076,1909f56bfc062723c751e8b465ee728b)  -> (artifact id: 'b66c387c38e3d34e6500341abe16d8b9') in 0.012710 seconds 
========================================================================
Received Import Request.
  Time since last request: 0.000735 seconds.
  path: Assets/Textures/E.png
  artifactKey: Guid(eaad4017df70f55458a21c3eabcf3f51) Importer(815301076,1909f56bfc062723c751e8b465ee728b)
Start importing Assets/Textures/E.png using Guid(eaad4017df70f55458a21c3eabcf3f51) Importer(815301076,1909f56bfc062723c751e8b465ee728b)  -> (artifact id: '71c2e83bf154be8d500b1dbec2d9d1ee') in 0.015925 seconds 
========================================================================
Received Import Request.
  Time since last request: 0.000611 seconds.
  path: Assets/Textures/CardReader_Texture_Emit.png
  artifactKey: Guid(d483feadd03941643a27050fc4674c14) Importer(815301076,1909f56bfc062723c751e8b465ee728b)
Start importing Assets/Textures/CardReader_Texture_Emit.png using Guid(d483feadd03941643a27050fc4674c14) Importer(815301076,1909f56bfc062723c751e8b465ee728b)  -> (artifact id: '3ae438e2b987bec805402334e91a0558') in 0.014546 seconds 
========================================================================
Received Prepare
Registering precompiled user dll's ...
Registered in 0.004068 seconds.
Begin MonoManager ReloadAssembly
Native extension for WindowsStandalone target not found
Refreshing native plugins compatible for Editor in 0.47 ms, found 2 plugins.
Preloading 0 native plugins for Editor in 0.00 ms.
Mono: successfully reloaded assembly
- Completed reload, in  1.174 seconds
Domain Reload Profiling:
	ReloadAssembly (1175ms)
		BeginReloadAssembly (213ms)
			ExecutionOrderSort (0ms)
			DisableScriptedObjects (8ms)
			BackupInstance (0ms)
			ReleaseScriptingObjects (0ms)
			CreateAndSetChildDomain (87ms)
		EndReloadAssembly (895ms)
			LoadAssemblies (123ms)
			RebuildTransferFunctionScriptingTraits (0ms)
			SetupTypeCache (297ms)
			ReleaseScriptCaches (1ms)
			RebuildScriptCaches (42ms)
			SetupLoadedEditorAssemblies (356ms)
				LogAssemblyErrors (0ms)
				InitializePlatformSupportModulesInManaged (5ms)
				SetLoadedEditorAssemblies (1ms)
				RefreshPlugins (1ms)
				BeforeProcessingInitializeOnLoad (90ms)
				ProcessInitializeOnLoadAttributes (241ms)
				ProcessInitializeOnLoadMethodAttributes (10ms)
				AfterProcessingInitializeOnLoad (9ms)
				EditorAssembliesLoaded (0ms)
			ExecutionOrderSort2 (0ms)
			AwakeInstancesAfterBackupRestoration (8ms)
Platform modules already initialized, skipping
Refreshing native plugins compatible for Editor in 0.60 ms, found 2 plugins.
Preloading 0 native plugins for Editor in 0.00 ms.
Unloading 2072 Unused Serialized files (Serialized files now loaded: 0)
System memory in use before: 107.8 MB.
System memory in use after: 107.8 MB.

Unloading 13 unused Assets to reduce memory usage. Loaded Objects now: 2620.
Total: 4.588700 ms (FindLiveObjects: 0.321900 ms CreateObjectMapping: 0.091500 ms MarkObjects: 4.075500 ms  DeleteObjects: 0.098500 ms)

AssetImportParameters requested are different than current active one (requested -> active):
  colorSpace: 1 -> 0
  custom:framework-win-MediaFoundation: 216162199b28c13a410421893ffa2e32 -> 
  custom:video-decoder-ogg-theora: a1e56fd34408186e4bbccfd4996cb3dc -> 
  custom:container-muxer-webm: aa71ff27fc2769a1b78a27578f13a17b -> 
  custom:container-demuxer-webm: 4f35f7cbe854078d1ac9338744f61a02 -> 
  custom:container-demuxer-ogg: 62fdf1f143b41e24485cea50d1cbac27 -> 
  custom:video-encoder-webm-vp8: eb34c28f22e8b96e1ab97ce403110664 -> 
  custom:video-decoder-webm-vp8: 9c59270c3fd7afecdb556c50c9e8de78 -> 
  custom:audio-decoder-ogg-vorbis: bf7c407c2cedff20999df2af8eb42d56 -> 
  custom:audio-encoder-webm-vorbis: bf7c407c2cedff20999df2af8eb42d56 -> 
========================================================================
Received Prepare
Registering precompiled user dll's ...
Registered in 0.003622 seconds.
Begin MonoManager ReloadAssembly
Native extension for WindowsStandalone target not found
Refreshing native plugins compatible for Editor in 0.64 ms, found 2 plugins.
Preloading 0 native plugins for Editor in 0.00 ms.
Mono: successfully reloaded assembly
- Completed reload, in  1.240 seconds
Domain Reload Profiling:
	ReloadAssembly (1241ms)
		BeginReloadAssembly (143ms)
			ExecutionOrderSort (0ms)
			DisableScriptedObjects (5ms)
			BackupInstance (0ms)
			ReleaseScriptingObjects (0ms)
			CreateAndSetChildDomain (35ms)
		EndReloadAssembly (1027ms)
			LoadAssemblies (136ms)
			RebuildTransferFunctionScriptingTraits (0ms)
			SetupTypeCache (344ms)
			ReleaseScriptCaches (1ms)
			RebuildScriptCaches (43ms)
			SetupLoadedEditorAssemblies (410ms)
				LogAssemblyErrors (0ms)
				InitializePlatformSupportModulesInManaged (5ms)
				SetLoadedEditorAssemblies (1ms)
				RefreshPlugins (1ms)
				BeforeProcessingInitializeOnLoad (112ms)
				ProcessInitializeOnLoadAttributes (266ms)
				ProcessInitializeOnLoadMethodAttributes (13ms)
				AfterProcessingInitializeOnLoad (12ms)
				EditorAssembliesLoaded (0ms)
			ExecutionOrderSort2 (0ms)
			AwakeInstancesAfterBackupRestoration (10ms)
Platform modules already initialized, skipping
Refreshing native plugins compatible for Editor in 0.47 ms, found 2 plugins.
Preloading 0 native plugins for Editor in 0.00 ms.
Unloading 2072 Unused Serialized files (Serialized files now loaded: 0)
System memory in use before: 106.9 MB.
System memory in use after: 107.0 MB.

Unloading 13 unused Assets to reduce memory usage. Loaded Objects now: 2622.
Total: 3.465900 ms (FindLiveObjects: 0.313500 ms CreateObjectMapping: 0.112000 ms MarkObjects: 2.961200 ms  DeleteObjects: 0.078400 ms)

AssetImportParameters requested are different than current active one (requested -> active):
  custom:framework-win-MediaFoundation: 216162199b28c13a410421893ffa2e32 -> 
  custom:video-decoder-ogg-theora: a1e56fd34408186e4bbccfd4996cb3dc -> 
  custom:container-muxer-webm: aa71ff27fc2769a1b78a27578f13a17b -> 
  custom:container-demuxer-webm: 4f35f7cbe854078d1ac9338744f61a02 -> 
  custom:container-demuxer-ogg: 62fdf1f143b41e24485cea50d1cbac27 -> 
  custom:video-encoder-webm-vp8: eb34c28f22e8b96e1ab97ce403110664 -> 
  custom:video-decoder-webm-vp8: 9c59270c3fd7afecdb556c50c9e8de78 -> 
  custom:audio-decoder-ogg-vorbis: bf7c407c2cedff20999df2af8eb42d56 -> 
  custom:audio-encoder-webm-vorbis: bf7c407c2cedff20999df2af8eb42d56 -> 
========================================================================
Received Import Request.
  Time since last request: 732.904105 seconds.
  path: Assets/Mats/LabFloor1.mat
  artifactKey: Guid(4fb9984ca101707468224bf227c1f181) Importer(815301076,1909f56bfc062723c751e8b465ee728b)
Start importing Assets/Mats/LabFloor1.mat using Guid(4fb9984ca101707468224bf227c1f181) Importer(815301076,1909f56bfc062723c751e8b465ee728b)  -> (artifact id: '819eae93664a4252d4b16e86644bbfa4') in 0.087250 seconds 
========================================================================
Received Import Request.
  Time since last request: 0.000394 seconds.
  path: Assets/Mats/LabFloor3.mat
  artifactKey: Guid(242e90b9fdfa25f43a2c4151fd96773c) Importer(815301076,1909f56bfc062723c751e8b465ee728b)
Start importing Assets/Mats/LabFloor3.mat using Guid(242e90b9fdfa25f43a2c4151fd96773c) Importer(815301076,1909f56bfc062723c751e8b465ee728b)  -> (artifact id: '57da3f042ec285e837b54ad6362c92a3') in 0.040364 seconds 
========================================================================
Received Import Request.
  Time since last request: 25.301763 seconds.
  path: Assets/Mats/Spikes.mat
  artifactKey: Guid(7a2e95fce9006fa4c87a178bf4a388fa) Importer(815301076,1909f56bfc062723c751e8b465ee728b)
Start importing Assets/Mats/Spikes.mat using Guid(7a2e95fce9006fa4c87a178bf4a388fa) Importer(815301076,1909f56bfc062723c751e8b465ee728b)  -> (artifact id: '3b411e68608f60e77983cbb3c4db00e3') in 0.017365 seconds 
========================================================================
Received Import Request.
  Time since last request: 268.018471 seconds.
  path: Assets/Prefabs/Horizontal Lazer (Manual).prefab
  artifactKey: Guid(c1025fc9c430ebe429ea424653bd4003) Importer(815301076,1909f56bfc062723c751e8b465ee728b)
Start importing Assets/Prefabs/Horizontal Lazer (Manual).prefab using Guid(c1025fc9c430ebe429ea424653bd4003) Importer(815301076,1909f56bfc062723c751e8b465ee728b)  -> (artifact id: '4b32ece90f5c3df3528a3f84f844fb5d') in 0.070288 seconds 
========================================================================
Received Import Request.
  Time since last request: 0.000456 seconds.
  path: Assets/Prefabs/Mapa.prefab
  artifactKey: Guid(f962af99d3651e04a8ac00275614132f) Importer(815301076,1909f56bfc062723c751e8b465ee728b)
Start importing Assets/Prefabs/Mapa.prefab using Guid(f962af99d3651e04a8ac00275614132f) Importer(815301076,1909f56bfc062723c751e8b465ee728b)  -> (artifact id: '118bd6841e03c176c89526238b3949e9') in 0.053494 seconds 
========================================================================
Received Import Request.
  Time since last request: 7.795266 seconds.
  path: Assets/Prefabs/Spikes_M3D.prefab
  artifactKey: Guid(39dcf57bd56e3a64dbca18f4a10ea1fe) Importer(815301076,1909f56bfc062723c751e8b465ee728b)
Start importing Assets/Prefabs/Spikes_M3D.prefab using Guid(39dcf57bd56e3a64dbca18f4a10ea1fe) Importer(815301076,1909f56bfc062723c751e8b465ee728b)  -> (artifact id: 'd22f011d80a7a3c077e76303a49ce023') in 0.013689 seconds 
========================================================================
Received Import Request.
  Time since last request: 235.078718 seconds.
  path: Assets/Prefabs/Vertical Lazer Labirinto.prefab
  artifactKey: Guid(79b22a2c53d1b234fa22eafb627289f8) Importer(815301076,1909f56bfc062723c751e8b465ee728b)
Start importing Assets/Prefabs/Vertical Lazer Labirinto.prefab using Guid(79b22a2c53d1b234fa22eafb627289f8) Importer(815301076,1909f56bfc062723c751e8b465ee728b)  -> (artifact id: '560e8837039d297048b35c7ae48a5375') in 0.021363 seconds 
========================================================================
Received Prepare
Registering precompiled user dll's ...
Registered in 0.005111 seconds.
Begin MonoManager ReloadAssembly
Native extension for WindowsStandalone target not found
Refreshing native plugins compatible for Editor in 0.47 ms, found 2 plugins.
Preloading 0 native plugins for Editor in 0.00 ms.
Mono: successfully reloaded assembly
- Completed reload, in  1.183 seconds
Domain Reload Profiling:
	ReloadAssembly (1184ms)
		BeginReloadAssembly (167ms)
			ExecutionOrderSort (0ms)
			DisableScriptedObjects (4ms)
			BackupInstance (0ms)
			ReleaseScriptingObjects (0ms)
			CreateAndSetChildDomain (43ms)
		EndReloadAssembly (935ms)
			LoadAssemblies (141ms)
			RebuildTransferFunctionScriptingTraits (0ms)
			SetupTypeCache (316ms)
			ReleaseScriptCaches (1ms)
			RebuildScriptCaches (49ms)
			SetupLoadedEditorAssemblies (360ms)
				LogAssemblyErrors (0ms)
				InitializePlatformSupportModulesInManaged (5ms)
				SetLoadedEditorAssemblies (1ms)
				RefreshPlugins (1ms)
				BeforeProcessingInitializeOnLoad (99ms)
				ProcessInitializeOnLoadAttributes (236ms)
				ProcessInitializeOnLoadMethodAttributes (9ms)
				AfterProcessingInitializeOnLoad (11ms)
				EditorAssembliesLoaded (0ms)
			ExecutionOrderSort2 (0ms)
			AwakeInstancesAfterBackupRestoration (7ms)
Platform modules already initialized, skipping
Refreshing native plugins compatible for Editor in 0.47 ms, found 2 plugins.
Preloading 0 native plugins for Editor in 0.00 ms.
Unloading 2072 Unused Serialized files (Serialized files now loaded: 0)
System memory in use before: 106.9 MB.
System memory in use after: 107.0 MB.

Unloading 14 unused Assets to reduce memory usage. Loaded Objects now: 2628.
Total: 2.881900 ms (FindLiveObjects: 0.171200 ms CreateObjectMapping: 0.069500 ms MarkObjects: 2.580300 ms  DeleteObjects: 0.060100 ms)

AssetImportParameters requested are different than current active one (requested -> active):
  custom:framework-win-MediaFoundation: 216162199b28c13a410421893ffa2e32 -> 
  custom:video-decoder-ogg-theora: a1e56fd34408186e4bbccfd4996cb3dc -> 
  custom:container-muxer-webm: aa71ff27fc2769a1b78a27578f13a17b -> 
  custom:container-demuxer-webm: 4f35f7cbe854078d1ac9338744f61a02 -> 
  custom:container-demuxer-ogg: 62fdf1f143b41e24485cea50d1cbac27 -> 
  custom:video-encoder-webm-vp8: eb34c28f22e8b96e1ab97ce403110664 -> 
  custom:video-decoder-webm-vp8: 9c59270c3fd7afecdb556c50c9e8de78 -> 
  custom:audio-decoder-ogg-vorbis: bf7c407c2cedff20999df2af8eb42d56 -> 
  custom:audio-encoder-webm-vorbis: bf7c407c2cedff20999df2af8eb42d56 -> 
========================================================================
Received Import Request.
  Time since last request: 393.100871 seconds.
  path: Assets/Prefabs/Horizontal Lazer Labirinto.prefab
  artifactKey: Guid(e4da658429d8c884ab5daa223896ecf9) Importer(815301076,1909f56bfc062723c751e8b465ee728b)
Start importing Assets/Prefabs/Horizontal Lazer Labirinto.prefab using Guid(e4da658429d8c884ab5daa223896ecf9) Importer(815301076,1909f56bfc062723c751e8b465ee728b)  -> (artifact id: '5de50468aa84bd3de4dedd040f02df94') in 0.086156 seconds 
========================================================================
Received Import Request.
  Time since last request: 11.252465 seconds.
  path: Assets/Prefabs/Horizontal Lazer Labirinto.prefab
  artifactKey: Guid(e4da658429d8c884ab5daa223896ecf9) Importer(815301076,1909f56bfc062723c751e8b465ee728b)
Start importing Assets/Prefabs/Horizontal Lazer Labirinto.prefab using Guid(e4da658429d8c884ab5daa223896ecf9) Importer(815301076,1909f56bfc062723c751e8b465ee728b)  -> (artifact id: 'f86b46c729376809ba20ae58f8c18cd6') in 0.016657 seconds 
========================================================================
Received Import Request.
  Time since last request: 9.057648 seconds.
  path: Assets/Prefabs/Horizontal Lazer Labirinto.prefab
  artifactKey: Guid(e4da658429d8c884ab5daa223896ecf9) Importer(815301076,1909f56bfc062723c751e8b465ee728b)
Start importing Assets/Prefabs/Horizontal Lazer Labirinto.prefab using Guid(e4da658429d8c884ab5daa223896ecf9) Importer(815301076,1909f56bfc062723c751e8b465ee728b)  -> (artifact id: '4b06bc6ecaefdf8e562ebc90ae346a1a') in 0.017738 seconds 
========================================================================
Received Import Request.
  Time since last request: 8.823572 seconds.
  path: Assets/Prefabs/Horizontal Lazer Labirinto.prefab
  artifactKey: Guid(e4da658429d8c884ab5daa223896ecf9) Importer(815301076,1909f56bfc062723c751e8b465ee728b)
Start importing Assets/Prefabs/Horizontal Lazer Labirinto.prefab using Guid(e4da658429d8c884ab5daa223896ecf9) Importer(815301076,1909f56bfc062723c751e8b465ee728b)  -> (artifact id: '2a307f54afb53965302cff30b9e35b94') in 0.018609 seconds 
========================================================================
Received Import Request.
  Time since last request: 6.640976 seconds.
  path: Assets/Prefabs/Horizontal Lazer Labirinto.prefab
  artifactKey: Guid(e4da658429d8c884ab5daa223896ecf9) Importer(815301076,1909f56bfc062723c751e8b465ee728b)
Start importing Assets/Prefabs/Horizontal Lazer Labirinto.prefab using Guid(e4da658429d8c884ab5daa223896ecf9) Importer(815301076,1909f56bfc062723c751e8b465ee728b)  -> (artifact id: '1e8f0e59c2b6bf67832d020bbe45906f') in 0.019519 seconds 
========================================================================
Received Import Request.
  Time since last request: 4.662684 seconds.
  path: Assets/Prefabs/Horizontal Lazer Labirinto.prefab
  artifactKey: Guid(e4da658429d8c884ab5daa223896ecf9) Importer(815301076,1909f56bfc062723c751e8b465ee728b)
Start importing Assets/Prefabs/Horizontal Lazer Labirinto.prefab using Guid(e4da658429d8c884ab5daa223896ecf9) Importer(815301076,1909f56bfc062723c751e8b465ee728b)  -> (artifact id: '8376b5ca8db717062ba2916f394c295e') in 0.017325 seconds 
========================================================================
Received Import Request.
  Time since last request: 3.572316 seconds.
  path: Assets/Prefabs/Horizontal Lazer Labirinto.prefab
  artifactKey: Guid(e4da658429d8c884ab5daa223896ecf9) Importer(815301076,1909f56bfc062723c751e8b465ee728b)
Start importing Assets/Prefabs/Horizontal Lazer Labirinto.prefab using Guid(e4da658429d8c884ab5daa223896ecf9) Importer(815301076,1909f56bfc062723c751e8b465ee728b)  -> (artifact id: '22d0ecade65ea2f465f3e326ee0db15c') in 0.018337 seconds 
========================================================================
Received Import Request.
  Time since last request: 2.048165 seconds.
  path: Assets/Prefabs/Horizontal Lazer Labirinto.prefab
  artifactKey: Guid(e4da658429d8c884ab5daa223896ecf9) Importer(815301076,1909f56bfc062723c751e8b465ee728b)
Start importing Assets/Prefabs/Horizontal Lazer Labirinto.prefab using Guid(e4da658429d8c884ab5daa223896ecf9) Importer(815301076,1909f56bfc062723c751e8b465ee728b)  -> (artifact id: 'ac700d954605881f03f82dada28a3dff') in 0.030993 seconds 
========================================================================
Received Import Request.
  Time since last request: 3.163853 seconds.
  path: Assets/Prefabs/Horizontal Lazer Labirinto.prefab
  artifactKey: Guid(e4da658429d8c884ab5daa223896ecf9) Importer(815301076,1909f56bfc062723c751e8b465ee728b)
Start importing Assets/Prefabs/Horizontal Lazer Labirinto.prefab using Guid(e4da658429d8c884ab5daa223896ecf9) Importer(815301076,1909f56bfc062723c751e8b465ee728b)  -> (artifact id: 'e5e4817059ec9b3d20a06565c837489c') in 0.021959 seconds 
========================================================================
Received Import Request.
  Time since last request: 6.862921 seconds.
  path: Assets/Prefabs/Horizontal Lazer Labirinto.prefab
  artifactKey: Guid(e4da658429d8c884ab5daa223896ecf9) Importer(815301076,1909f56bfc062723c751e8b465ee728b)
Start importing Assets/Prefabs/Horizontal Lazer Labirinto.prefab using Guid(e4da658429d8c884ab5daa223896ecf9) Importer(815301076,1909f56bfc062723c751e8b465ee728b)  -> (artifact id: '061ecfaee6c0d3ee1a3bfd2a595c3e9f') in 0.018193 seconds 
========================================================================
Received Import Request.
  Time since last request: 4.227448 seconds.
  path: Assets/Prefabs/Horizontal Lazer Labirinto.prefab
  artifactKey: Guid(e4da658429d8c884ab5daa223896ecf9) Importer(815301076,1909f56bfc062723c751e8b465ee728b)
Start importing Assets/Prefabs/Horizontal Lazer Labirinto.prefab using Guid(e4da658429d8c884ab5daa223896ecf9) Importer(815301076,1909f56bfc062723c751e8b465ee728b)  -> (artifact id: '29e01d806ed34c0abf4b42cf6578dba7') in 0.015643 seconds 
========================================================================
Received Import Request.
  Time since last request: 2.603722 seconds.
  path: Assets/Prefabs/Horizontal Lazer Labirinto.prefab
  artifactKey: Guid(e4da658429d8c884ab5daa223896ecf9) Importer(815301076,1909f56bfc062723c751e8b465ee728b)
Start importing Assets/Prefabs/Horizontal Lazer Labirinto.prefab using Guid(e4da658429d8c884ab5daa223896ecf9) Importer(815301076,1909f56bfc062723c751e8b465ee728b)  -> (artifact id: 'e7e57e6905695e0df9dd0f3143127019') in 0.017552 seconds 
========================================================================
Received Import Request.
  Time since last request: 3.419560 seconds.
  path: Assets/Prefabs/Horizontal Lazer Labirinto.prefab
  artifactKey: Guid(e4da658429d8c884ab5daa223896ecf9) Importer(815301076,1909f56bfc062723c751e8b465ee728b)
Start importing Assets/Prefabs/Horizontal Lazer Labirinto.prefab using Guid(e4da658429d8c884ab5daa223896ecf9) Importer(815301076,1909f56bfc062723c751e8b465ee728b)  -> (artifact id: 'a4e6e7352dc9910ce64ad1df7291baef') in 0.019823 seconds 
========================================================================
Received Import Request.
  Time since last request: 1.383170 seconds.
  path: Assets/Prefabs/Horizontal Lazer Labirinto.prefab
  artifactKey: Guid(e4da658429d8c884ab5daa223896ecf9) Importer(815301076,1909f56bfc062723c751e8b465ee728b)
Start importing Assets/Prefabs/Horizontal Lazer Labirinto.prefab using Guid(e4da658429d8c884ab5daa223896ecf9) Importer(815301076,1909f56bfc062723c751e8b465ee728b)  -> (artifact id: 'fcc130b5de465810d371e500a12b7eb4') in 0.014409 seconds 
========================================================================
Received Import Request.
  Time since last request: 3.242643 seconds.
  path: Assets/Prefabs/Horizontal Lazer Labirinto.prefab
  artifactKey: Guid(e4da658429d8c884ab5daa223896ecf9) Importer(815301076,1909f56bfc062723c751e8b465ee728b)
Start importing Assets/Prefabs/Horizontal Lazer Labirinto.prefab using Guid(e4da658429d8c884ab5daa223896ecf9) Importer(815301076,1909f56bfc062723c751e8b465ee728b)  -> (artifact id: '7609f53b66e9417b822f6e728719495a') in 0.018676 seconds 
========================================================================
Received Import Request.
  Time since last request: 1.761826 seconds.
  path: Assets/Prefabs/Horizontal Lazer Labirinto.prefab
  artifactKey: Guid(e4da658429d8c884ab5daa223896ecf9) Importer(815301076,1909f56bfc062723c751e8b465ee728b)
Start importing Assets/Prefabs/Horizontal Lazer Labirinto.prefab using Guid(e4da658429d8c884ab5daa223896ecf9) Importer(815301076,1909f56bfc062723c751e8b465ee728b)  -> (artifact id: 'e8a38e83c62eb99914cc698c09e0465b') in 0.017736 seconds 
========================================================================
Received Import Request.
  Time since last request: 3.250256 seconds.
  path: Assets/Prefabs/Horizontal Lazer Labirinto.prefab
  artifactKey: Guid(e4da658429d8c884ab5daa223896ecf9) Importer(815301076,1909f56bfc062723c751e8b465ee728b)
Start importing Assets/Prefabs/Horizontal Lazer Labirinto.prefab using Guid(e4da658429d8c884ab5daa223896ecf9) Importer(815301076,1909f56bfc062723c751e8b465ee728b)  -> (artifact id: '191c51caddb43071b7fe98544c0590be') in 0.017444 seconds 
========================================================================
Received Import Request.
  Time since last request: 4.271478 seconds.
  path: Assets/Prefabs/Horizontal Lazer Labirinto.prefab
  artifactKey: Guid(e4da658429d8c884ab5daa223896ecf9) Importer(815301076,1909f56bfc062723c751e8b465ee728b)
Start importing Assets/Prefabs/Horizontal Lazer Labirinto.prefab using Guid(e4da658429d8c884ab5daa223896ecf9) Importer(815301076,1909f56bfc062723c751e8b465ee728b)  -> (artifact id: '11db6b262ea02ee77d2b7cc5931a2c2d') in 0.020847 seconds 
========================================================================
Received Import Request.
  Time since last request: 4.062623 seconds.
  path: Assets/Prefabs/Horizontal Lazer Labirinto.prefab
  artifactKey: Guid(e4da658429d8c884ab5daa223896ecf9) Importer(815301076,1909f56bfc062723c751e8b465ee728b)
Start importing Assets/Prefabs/Horizontal Lazer Labirinto.prefab using Guid(e4da658429d8c884ab5daa223896ecf9) Importer(815301076,1909f56bfc062723c751e8b465ee728b)  -> (artifact id: '5ecfb9647e571b5a96e081bccb14ca16') in 0.016392 seconds 
========================================================================
Received Import Request.
  Time since last request: 1.598236 seconds.
  path: Assets/Prefabs/Horizontal Lazer Labirinto.prefab
  artifactKey: Guid(e4da658429d8c884ab5daa223896ecf9) Importer(815301076,1909f56bfc062723c751e8b465ee728b)
Start importing Assets/Prefabs/Horizontal Lazer Labirinto.prefab using Guid(e4da658429d8c884ab5daa223896ecf9) Importer(815301076,1909f56bfc062723c751e8b465ee728b)  -> (artifact id: 'e0bb87a76f9299d051138510705ab729') in 0.019268 seconds 
========================================================================
Received Import Request.
  Time since last request: 20.846659 seconds.
  path: Assets/Prefabs/Horizontal Lazer Labirinto.prefab
  artifactKey: Guid(e4da658429d8c884ab5daa223896ecf9) Importer(815301076,1909f56bfc062723c751e8b465ee728b)
Start importing Assets/Prefabs/Horizontal Lazer Labirinto.prefab using Guid(e4da658429d8c884ab5daa223896ecf9) Importer(815301076,1909f56bfc062723c751e8b465ee728b)  -> (artifact id: '86ccfd4ece88b616f9e23082a5cce4af') in 0.015875 seconds 
========================================================================
Received Import Request.
  Time since last request: 5.402116 seconds.
  path: Assets/Prefabs/Horizontal Lazer Labirinto.prefab
  artifactKey: Guid(e4da658429d8c884ab5daa223896ecf9) Importer(815301076,1909f56bfc062723c751e8b465ee728b)
Start importing Assets/Prefabs/Horizontal Lazer Labirinto.prefab using Guid(e4da658429d8c884ab5daa223896ecf9) Importer(815301076,1909f56bfc062723c751e8b465ee728b)  -> (artifact id: 'c94f81ac884bf8a2c10541bf012dd21d') in 0.017971 seconds 
========================================================================
Received Import Request.
  Time since last request: 0.443499 seconds.
  path: Assets/Prefabs/Horizontal Lazer Labirinto.prefab
  artifactKey: Guid(e4da658429d8c884ab5daa223896ecf9) Importer(815301076,1909f56bfc062723c751e8b465ee728b)
Start importing Assets/Prefabs/Horizontal Lazer Labirinto.prefab using Guid(e4da658429d8c884ab5daa223896ecf9) Importer(815301076,1909f56bfc062723c751e8b465ee728b)  -> (artifact id: 'fcd99e74f63ebafd915523e194a14629') in 0.016396 seconds 
========================================================================
Received Import Request.
  Time since last request: 1.175593 seconds.
  path: Assets/Prefabs/Horizontal Lazer Labirinto.prefab
  artifactKey: Guid(e4da658429d8c884ab5daa223896ecf9) Importer(815301076,1909f56bfc062723c751e8b465ee728b)
Start importing Assets/Prefabs/Horizontal Lazer Labirinto.prefab using Guid(e4da658429d8c884ab5daa223896ecf9) Importer(815301076,1909f56bfc062723c751e8b465ee728b)  -> (artifact id: '13c5e3609e80e28bd1a290ab190365ab') in 0.019026 seconds 
========================================================================
Received Import Request.
  Time since last request: 2.431475 seconds.
  path: Assets/Prefabs/Horizontal Lazer Labirinto.prefab
  artifactKey: Guid(e4da658429d8c884ab5daa223896ecf9) Importer(815301076,1909f56bfc062723c751e8b465ee728b)
Start importing Assets/Prefabs/Horizontal Lazer Labirinto.prefab using Guid(e4da658429d8c884ab5daa223896ecf9) Importer(815301076,1909f56bfc062723c751e8b465ee728b)  -> (artifact id: 'b2221484e166013b1cd5648e2269f0eb') in 0.019096 seconds 
========================================================================
Received Import Request.
  Time since last request: 3.397236 seconds.
  path: Assets/Prefabs/Horizontal Lazer Labirinto.prefab
  artifactKey: Guid(e4da658429d8c884ab5daa223896ecf9) Importer(815301076,1909f56bfc062723c751e8b465ee728b)
Start importing Assets/Prefabs/Horizontal Lazer Labirinto.prefab using Guid(e4da658429d8c884ab5daa223896ecf9) Importer(815301076,1909f56bfc062723c751e8b465ee728b)  -> (artifact id: '3382d22e30bc8af624a1bf9b49872197') in 0.019280 seconds 
========================================================================
Received Import Request.
  Time since last request: 7.559522 seconds.
  path: Assets/Prefabs/Horizontal Lazer Labirinto.prefab
  artifactKey: Guid(e4da658429d8c884ab5daa223896ecf9) Importer(815301076,1909f56bfc062723c751e8b465ee728b)
Start importing Assets/Prefabs/Horizontal Lazer Labirinto.prefab using Guid(e4da658429d8c884ab5daa223896ecf9) Importer(815301076,1909f56bfc062723c751e8b465ee728b)  -> (artifact id: 'b6ef79bc52481fa3479cd76fdda86a50') in 0.017728 seconds 
========================================================================
Received Import Request.
  Time since last request: 6.697347 seconds.
  path: Assets/Prefabs/Horizontal Lazer Labirinto.prefab
  artifactKey: Guid(e4da658429d8c884ab5daa223896ecf9) Importer(815301076,1909f56bfc062723c751e8b465ee728b)
Start importing Assets/Prefabs/Horizontal Lazer Labirinto.prefab using Guid(e4da658429d8c884ab5daa223896ecf9) Importer(815301076,1909f56bfc062723c751e8b465ee728b)  -> (artifact id: 'fd366320af57d65aeb8823db44d4a898') in 0.017051 seconds 
========================================================================
Received Import Request.
  Time since last request: 6.861593 seconds.
  path: Assets/Prefabs/Horizontal Lazer Labirinto.prefab
  artifactKey: Guid(e4da658429d8c884ab5daa223896ecf9) Importer(815301076,1909f56bfc062723c751e8b465ee728b)
Start importing Assets/Prefabs/Horizontal Lazer Labirinto.prefab using Guid(e4da658429d8c884ab5daa223896ecf9) Importer(815301076,1909f56bfc062723c751e8b465ee728b)  -> (artifact id: 'f2a6047c28856ebcd8ccb87969d4de37') in 0.017669 seconds 
========================================================================
Received Import Request.
  Time since last request: 10.192586 seconds.
  path: Assets/Prefabs/Horizontal Lazer Labirinto.prefab
  artifactKey: Guid(e4da658429d8c884ab5daa223896ecf9) Importer(815301076,1909f56bfc062723c751e8b465ee728b)
Start importing Assets/Prefabs/Horizontal Lazer Labirinto.prefab using Guid(e4da658429d8c884ab5daa223896ecf9) Importer(815301076,1909f56bfc062723c751e8b465ee728b)  -> (artifact id: 'b2f912fcc780cbd76d539d43e10e2d1f') in 0.019318 seconds 
========================================================================
Received Import Request.
  Time since last request: 2.559439 seconds.
  path: Assets/Prefabs/Horizontal Lazer Labirinto.prefab
  artifactKey: Guid(e4da658429d8c884ab5daa223896ecf9) Importer(815301076,1909f56bfc062723c751e8b465ee728b)
Start importing Assets/Prefabs/Horizontal Lazer Labirinto.prefab using Guid(e4da658429d8c884ab5daa223896ecf9) Importer(815301076,1909f56bfc062723c751e8b465ee728b)  -> (artifact id: 'c9f7d434f0f1d4e2e733ff86ee53b3d6') in 0.019005 seconds 
========================================================================
Received Import Request.
  Time since last request: 3.406871 seconds.
  path: Assets/Prefabs/Horizontal Lazer Labirinto.prefab
  artifactKey: Guid(e4da658429d8c884ab5daa223896ecf9) Importer(815301076,1909f56bfc062723c751e8b465ee728b)
Start importing Assets/Prefabs/Horizontal Lazer Labirinto.prefab using Guid(e4da658429d8c884ab5daa223896ecf9) Importer(815301076,1909f56bfc062723c751e8b465ee728b)  -> (artifact id: 'aee6e5564581b32c22c45f47c37164e6') in 0.016199 seconds 
========================================================================
Received Import Request.
  Time since last request: 13.813608 seconds.
  path: Assets/Prefabs/Horizontal Lazer Labirinto.prefab
  artifactKey: Guid(e4da658429d8c884ab5daa223896ecf9) Importer(815301076,1909f56bfc062723c751e8b465ee728b)
Start importing Assets/Prefabs/Horizontal Lazer Labirinto.prefab using Guid(e4da658429d8c884ab5daa223896ecf9) Importer(815301076,1909f56bfc062723c751e8b465ee728b)  -> (artifact id: '1c7479da585836a0d179051c2a1330d2') in 0.018119 seconds 
========================================================================
Received Import Request.
  Time since last request: 4.684733 seconds.
  path: Assets/Prefabs/Horizontal Lazer Labirinto.prefab
  artifactKey: Guid(e4da658429d8c884ab5daa223896ecf9) Importer(815301076,1909f56bfc062723c751e8b465ee728b)
Start importing Assets/Prefabs/Horizontal Lazer Labirinto.prefab using Guid(e4da658429d8c884ab5daa223896ecf9) Importer(815301076,1909f56bfc062723c751e8b465ee728b)  -> (artifact id: 'bfd12e8cdbd2710d219213c9b8880109') in 0.024971 seconds 
========================================================================
Received Import Request.
  Time since last request: 6.347247 seconds.
  path: Assets/Prefabs/Horizontal Lazer Labirinto.prefab
  artifactKey: Guid(e4da658429d8c884ab5daa223896ecf9) Importer(815301076,1909f56bfc062723c751e8b465ee728b)
Start importing Assets/Prefabs/Horizontal Lazer Labirinto.prefab using Guid(e4da658429d8c884ab5daa223896ecf9) Importer(815301076,1909f56bfc062723c751e8b465ee728b)  -> (artifact id: '096a68f135a19a8a401fd885a8ee0ed9') in 0.017625 seconds 
========================================================================
Received Import Request.
  Time since last request: 35.245621 seconds.
  path: Assets/Prefabs/Horizontal Lazer Labirinto.prefab
  artifactKey: Guid(e4da658429d8c884ab5daa223896ecf9) Importer(815301076,1909f56bfc062723c751e8b465ee728b)
Start importing Assets/Prefabs/Horizontal Lazer Labirinto.prefab using Guid(e4da658429d8c884ab5daa223896ecf9) Importer(815301076,1909f56bfc062723c751e8b465ee728b)  -> (artifact id: 'c27aa26fe5dddb695e58fd18db503edf') in 0.020390 seconds 
========================================================================
Received Import Request.
  Time since last request: 3.530937 seconds.
  path: Assets/Prefabs/Horizontal Lazer Labirinto.prefab
  artifactKey: Guid(e4da658429d8c884ab5daa223896ecf9) Importer(815301076,1909f56bfc062723c751e8b465ee728b)
Start importing Assets/Prefabs/Horizontal Lazer Labirinto.prefab using Guid(e4da658429d8c884ab5daa223896ecf9) Importer(815301076,1909f56bfc062723c751e8b465ee728b)  -> (artifact id: 'd83787c4b9d795f4a8490eb7f35e38df') in 0.017314 seconds 
========================================================================
Received Import Request.
  Time since last request: 3.848911 seconds.
  path: Assets/Prefabs/Horizontal Lazer Labirinto.prefab
  artifactKey: Guid(e4da658429d8c884ab5daa223896ecf9) Importer(815301076,1909f56bfc062723c751e8b465ee728b)
Start importing Assets/Prefabs/Horizontal Lazer Labirinto.prefab using Guid(e4da658429d8c884ab5daa223896ecf9) Importer(815301076,1909f56bfc062723c751e8b465ee728b)  -> (artifact id: '0e4fb17451fac6ac297ed5b6109c3eac') in 0.019059 seconds 
========================================================================
Received Import Request.
  Time since last request: 12.507277 seconds.
  path: Assets/Prefabs/Horizontal Lazer Labirinto.prefab
  artifactKey: Guid(e4da658429d8c884ab5daa223896ecf9) Importer(815301076,1909f56bfc062723c751e8b465ee728b)
Start importing Assets/Prefabs/Horizontal Lazer Labirinto.prefab using Guid(e4da658429d8c884ab5daa223896ecf9) Importer(815301076,1909f56bfc062723c751e8b465ee728b)  -> (artifact id: '745c3b65f44fa694335bf776a7e3505b') in 0.019250 seconds 
========================================================================
Received Import Request.
  Time since last request: 1.830719 seconds.
  path: Assets/Prefabs/Horizontal Lazer Labirinto.prefab
  artifactKey: Guid(e4da658429d8c884ab5daa223896ecf9) Importer(815301076,1909f56bfc062723c751e8b465ee728b)
Start importing Assets/Prefabs/Horizontal Lazer Labirinto.prefab using Guid(e4da658429d8c884ab5daa223896ecf9) Importer(815301076,1909f56bfc062723c751e8b465ee728b)  -> (artifact id: 'df16d6dc230977a205c92a3029a31b09') in 0.016489 seconds 
========================================================================
Received Prepare
Registering precompiled user dll's ...
Registered in 0.003556 seconds.
Begin MonoManager ReloadAssembly
Native extension for WindowsStandalone target not found
Refreshing native plugins compatible for Editor in 0.84 ms, found 2 plugins.
Preloading 0 native plugins for Editor in 0.00 ms.
Mono: successfully reloaded assembly
- Completed reload, in  1.589 seconds
Domain Reload Profiling:
	ReloadAssembly (1589ms)
		BeginReloadAssembly (171ms)
			ExecutionOrderSort (0ms)
			DisableScriptedObjects (4ms)
			BackupInstance (0ms)
			ReleaseScriptingObjects (0ms)
			CreateAndSetChildDomain (66ms)
		EndReloadAssembly (1349ms)
			LoadAssemblies (116ms)
			RebuildTransferFunctionScriptingTraits (0ms)
			SetupTypeCache (368ms)
			ReleaseScriptCaches (1ms)
			RebuildScriptCaches (74ms)
			SetupLoadedEditorAssemblies (614ms)
				LogAssemblyErrors (0ms)
				InitializePlatformSupportModulesInManaged (10ms)
				SetLoadedEditorAssemblies (1ms)
				RefreshPlugins (1ms)
				BeforeProcessingInitializeOnLoad (157ms)
				ProcessInitializeOnLoadAttributes (414ms)
				ProcessInitializeOnLoadMethodAttributes (15ms)
				AfterProcessingInitializeOnLoad (14ms)
				EditorAssembliesLoaded (2ms)
			ExecutionOrderSort2 (0ms)
			AwakeInstancesAfterBackupRestoration (11ms)
Platform modules already initialized, skipping
Refreshing native plugins compatible for Editor in 0.54 ms, found 2 plugins.
Preloading 0 native plugins for Editor in 0.00 ms.
Unloading 2072 Unused Serialized files (Serialized files now loaded: 0)
System memory in use before: 107.0 MB.
System memory in use after: 107.1 MB.

Unloading 13 unused Assets to reduce memory usage. Loaded Objects now: 2631.
Total: 4.592000 ms (FindLiveObjects: 0.261200 ms CreateObjectMapping: 0.082600 ms MarkObjects: 4.124600 ms  DeleteObjects: 0.122000 ms)

AssetImportParameters requested are different than current active one (requested -> active):
  custom:framework-win-MediaFoundation: 216162199b28c13a410421893ffa2e32 -> 
  custom:video-decoder-ogg-theora: a1e56fd34408186e4bbccfd4996cb3dc -> 
  custom:container-muxer-webm: aa71ff27fc2769a1b78a27578f13a17b -> 
  custom:container-demuxer-webm: 4f35f7cbe854078d1ac9338744f61a02 -> 
  custom:container-demuxer-ogg: 62fdf1f143b41e24485cea50d1cbac27 -> 
  custom:video-encoder-webm-vp8: eb34c28f22e8b96e1ab97ce403110664 -> 
  custom:video-decoder-webm-vp8: 9c59270c3fd7afecdb556c50c9e8de78 -> 
  custom:audio-decoder-ogg-vorbis: bf7c407c2cedff20999df2af8eb42d56 -> 
  custom:audio-encoder-webm-vorbis: bf7c407c2cedff20999df2af8eb42d56 -> 
========================================================================
Received Prepare
Registering precompiled user dll's ...
Registered in 0.003613 seconds.
Begin MonoManager ReloadAssembly
Native extension for WindowsStandalone target not found
Refreshing native plugins compatible for Editor in 0.47 ms, found 2 plugins.
Preloading 0 native plugins for Editor in 0.00 ms.
Mono: successfully reloaded assembly
- Completed reload, in  1.112 seconds
Domain Reload Profiling:
	ReloadAssembly (1113ms)
		BeginReloadAssembly (136ms)
			ExecutionOrderSort (0ms)
			DisableScriptedObjects (5ms)
			BackupInstance (0ms)
			ReleaseScriptingObjects (0ms)
			CreateAndSetChildDomain (32ms)
		EndReloadAssembly (906ms)
			LoadAssemblies (116ms)
			RebuildTransferFunctionScriptingTraits (0ms)
			SetupTypeCache (325ms)
			ReleaseScriptCaches (1ms)
			RebuildScriptCaches (45ms)
			SetupLoadedEditorAssemblies (335ms)
				LogAssemblyErrors (0ms)
				InitializePlatformSupportModulesInManaged (6ms)
				SetLoadedEditorAssemblies (1ms)
				RefreshPlugins (1ms)
				BeforeProcessingInitializeOnLoad (90ms)
				ProcessInitializeOnLoadAttributes (220ms)
				ProcessInitializeOnLoadMethodAttributes (9ms)
				AfterProcessingInitializeOnLoad (8ms)
				EditorAssembliesLoaded (0ms)
			ExecutionOrderSort2 (0ms)
			AwakeInstancesAfterBackupRestoration (6ms)
Platform modules already initialized, skipping
Refreshing native plugins compatible for Editor in 0.62 ms, found 2 plugins.
Preloading 0 native plugins for Editor in 0.00 ms.
Unloading 2072 Unused Serialized files (Serialized files now loaded: 0)
System memory in use before: 106.9 MB.
System memory in use after: 107.0 MB.

Unloading 13 unused Assets to reduce memory usage. Loaded Objects now: 2633.
Total: 3.367300 ms (FindLiveObjects: 0.239900 ms CreateObjectMapping: 0.081500 ms MarkObjects: 2.968600 ms  DeleteObjects: 0.076500 ms)

AssetImportParameters requested are different than current active one (requested -> active):
  custom:framework-win-MediaFoundation: 216162199b28c13a410421893ffa2e32 -> 
  custom:video-decoder-ogg-theora: a1e56fd34408186e4bbccfd4996cb3dc -> 
  custom:container-muxer-webm: aa71ff27fc2769a1b78a27578f13a17b -> 
  custom:container-demuxer-webm: 4f35f7cbe854078d1ac9338744f61a02 -> 
  custom:container-demuxer-ogg: 62fdf1f143b41e24485cea50d1cbac27 -> 
  custom:video-encoder-webm-vp8: eb34c28f22e8b96e1ab97ce403110664 -> 
  custom:video-decoder-webm-vp8: 9c59270c3fd7afecdb556c50c9e8de78 -> 
  custom:audio-decoder-ogg-vorbis: bf7c407c2cedff20999df2af8eb42d56 -> 
  custom:audio-encoder-webm-vorbis: bf7c407c2cedff20999df2af8eb42d56 -> 
========================================================================
Received Prepare
Registering precompiled user dll's ...
Registered in 0.003559 seconds.
Begin MonoManager ReloadAssembly
Native extension for WindowsStandalone target not found
Refreshing native plugins compatible for Editor in 0.51 ms, found 2 plugins.
Preloading 0 native plugins for Editor in 0.00 ms.
Mono: successfully reloaded assembly
- Completed reload, in  1.096 seconds
Domain Reload Profiling:
	ReloadAssembly (1096ms)
		BeginReloadAssembly (131ms)
			ExecutionOrderSort (0ms)
			DisableScriptedObjects (5ms)
			BackupInstance (0ms)
			ReleaseScriptingObjects (0ms)
			CreateAndSetChildDomain (35ms)
		EndReloadAssembly (901ms)
			LoadAssemblies (109ms)
			RebuildTransferFunctionScriptingTraits (0ms)
			SetupTypeCache (286ms)
			ReleaseScriptCaches (1ms)
			RebuildScriptCaches (50ms)
			SetupLoadedEditorAssemblies (358ms)
				LogAssemblyErrors (0ms)
				InitializePlatformSupportModulesInManaged (8ms)
				SetLoadedEditorAssemblies (1ms)
				RefreshPlugins (1ms)
				BeforeProcessingInitializeOnLoad (94ms)
				ProcessInitializeOnLoadAttributes (235ms)
				ProcessInitializeOnLoadMethodAttributes (10ms)
				AfterProcessingInitializeOnLoad (9ms)
				EditorAssembliesLoaded (0ms)
			ExecutionOrderSort2 (0ms)
			AwakeInstancesAfterBackupRestoration (7ms)
Platform modules already initialized, skipping
Refreshing native plugins compatible for Editor in 0.42 ms, found 2 plugins.
Preloading 0 native plugins for Editor in 0.00 ms.
Unloading 2072 Unused Serialized files (Serialized files now loaded: 0)
System memory in use before: 107.0 MB.
System memory in use after: 107.1 MB.

Unloading 13 unused Assets to reduce memory usage. Loaded Objects now: 2635.
Total: 4.047300 ms (FindLiveObjects: 0.252200 ms CreateObjectMapping: 0.203900 ms MarkObjects: 3.491200 ms  DeleteObjects: 0.099100 ms)

AssetImportParameters requested are different than current active one (requested -> active):
  custom:framework-win-MediaFoundation: 216162199b28c13a410421893ffa2e32 -> 
  custom:video-decoder-ogg-theora: a1e56fd34408186e4bbccfd4996cb3dc -> 
  custom:container-muxer-webm: aa71ff27fc2769a1b78a27578f13a17b -> 
  custom:container-demuxer-webm: 4f35f7cbe854078d1ac9338744f61a02 -> 
  custom:container-demuxer-ogg: 62fdf1f143b41e24485cea50d1cbac27 -> 
  custom:video-encoder-webm-vp8: eb34c28f22e8b96e1ab97ce403110664 -> 
  custom:video-decoder-webm-vp8: 9c59270c3fd7afecdb556c50c9e8de78 -> 
  custom:audio-decoder-ogg-vorbis: bf7c407c2cedff20999df2af8eb42d56 -> 
  custom:audio-encoder-webm-vorbis: bf7c407c2cedff20999df2af8eb42d56 -> 
========================================================================
Received Import Request.
  Time since last request: 2478.518488 seconds.
  path: Assets/Mats/Spikes.mat
  artifactKey: Guid(7a2e95fce9006fa4c87a178bf4a388fa) Importer(815301076,1909f56bfc062723c751e8b465ee728b)
Start importing Assets/Mats/Spikes.mat using Guid(7a2e95fce9006fa4c87a178bf4a388fa) Importer(815301076,1909f56bfc062723c751e8b465ee728b)  -> (artifact id: '847a5e131cdec14513c1f52b60159e7b') in 0.110847 seconds 
========================================================================
Received Import Request.
  Time since last request: 52.103468 seconds.
  path: Assets/Mats/LabFloor3.mat
  artifactKey: Guid(242e90b9fdfa25f43a2c4151fd96773c) Importer(815301076,1909f56bfc062723c751e8b465ee728b)
Start importing Assets/Mats/LabFloor3.mat using Guid(242e90b9fdfa25f43a2c4151fd96773c) Importer(815301076,1909f56bfc062723c751e8b465ee728b)  -> (artifact id: '63ac24e4552359e68443cf5e575535be') in 0.032108 seconds 
========================================================================
Received Import Request.
  Time since last request: 174.794011 seconds.
  path: Assets/Mats/CardReader.mat
  artifactKey: Guid(b722f27d97807c1469afe930e3991a2e) Importer(815301076,1909f56bfc062723c751e8b465ee728b)
Start importing Assets/Mats/CardReader.mat using Guid(b722f27d97807c1469afe930e3991a2e) Importer(815301076,1909f56bfc062723c751e8b465ee728b)  -> (artifact id: 'ed76b0a7ef563739aa8be71df19ef672') in 0.025802 seconds 
========================================================================
Received Import Request.
  Time since last request: 305.146388 seconds.
  path: Assets/Prefabs/MenuPrincipal.prefab
  artifactKey: Guid(a80e9288c0b4034408d05ba5eb419698) Importer(815301076,1909f56bfc062723c751e8b465ee728b)
Start importing Assets/Prefabs/MenuPrincipal.prefab using Guid(a80e9288c0b4034408d05ba5eb419698) Importer(815301076,1909f56bfc062723c751e8b465ee728b)  -> (artifact id: 'cbca27f2062d440b4d609e8cbbe12ad1') in 0.045094 seconds 
========================================================================
Received Prepare
Registering precompiled user dll's ...
Registered in 0.004850 seconds.
Begin MonoManager ReloadAssembly
Native extension for WindowsStandalone target not found
Refreshing native plugins compatible for Editor in 0.46 ms, found 2 plugins.
Preloading 0 native plugins for Editor in 0.00 ms.
Mono: successfully reloaded assembly
- Completed reload, in  1.061 seconds
Domain Reload Profiling:
	ReloadAssembly (1061ms)
		BeginReloadAssembly (137ms)
			ExecutionOrderSort (0ms)
			DisableScriptedObjects (4ms)
			BackupInstance (0ms)
			ReleaseScriptingObjects (0ms)
			CreateAndSetChildDomain (37ms)
		EndReloadAssembly (859ms)
			LoadAssemblies (118ms)
			RebuildTransferFunctionScriptingTraits (0ms)
			SetupTypeCache (289ms)
			ReleaseScriptCaches (1ms)
			RebuildScriptCaches (47ms)
			SetupLoadedEditorAssemblies (318ms)
				LogAssemblyErrors (0ms)
				InitializePlatformSupportModulesInManaged (4ms)
				SetLoadedEditorAssemblies (1ms)
				RefreshPlugins (1ms)
				BeforeProcessingInitializeOnLoad (83ms)
				ProcessInitializeOnLoadAttributes (211ms)
				ProcessInitializeOnLoadMethodAttributes (9ms)
				AfterProcessingInitializeOnLoad (9ms)
				EditorAssembliesLoaded (0ms)
			ExecutionOrderSort2 (0ms)
			AwakeInstancesAfterBackupRestoration (6ms)
Platform modules already initialized, skipping
Refreshing native plugins compatible for Editor in 0.47 ms, found 2 plugins.
Preloading 0 native plugins for Editor in 0.00 ms.
Unloading 2072 Unused Serialized files (Serialized files now loaded: 0)
System memory in use before: 107.2 MB.
System memory in use after: 107.2 MB.

Unloading 13 unused Assets to reduce memory usage. Loaded Objects now: 2640.
Total: 3.557400 ms (FindLiveObjects: 0.265500 ms CreateObjectMapping: 0.124700 ms MarkObjects: 3.063100 ms  DeleteObjects: 0.103000 ms)

AssetImportParameters requested are different than current active one (requested -> active):
  custom:framework-win-MediaFoundation: 216162199b28c13a410421893ffa2e32 -> 
  custom:video-decoder-ogg-theora: a1e56fd34408186e4bbccfd4996cb3dc -> 
  custom:container-muxer-webm: aa71ff27fc2769a1b78a27578f13a17b -> 
  custom:container-demuxer-webm: 4f35f7cbe854078d1ac9338744f61a02 -> 
  custom:container-demuxer-ogg: 62fdf1f143b41e24485cea50d1cbac27 -> 
  custom:video-encoder-webm-vp8: eb34c28f22e8b96e1ab97ce403110664 -> 
  custom:video-decoder-webm-vp8: 9c59270c3fd7afecdb556c50c9e8de78 -> 
  custom:audio-decoder-ogg-vorbis: bf7c407c2cedff20999df2af8eb42d56 -> 
  custom:audio-encoder-webm-vorbis: bf7c407c2cedff20999df2af8eb42d56 -> 
========================================================================
Received Prepare
Registering precompiled user dll's ...
Registered in 0.005286 seconds.
Begin MonoManager ReloadAssembly
Native extension for WindowsStandalone target not found
Refreshing native plugins compatible for Editor in 0.46 ms, found 2 plugins.
Preloading 0 native plugins for Editor in 0.00 ms.
Mono: successfully reloaded assembly
- Completed reload, in  1.225 seconds
Domain Reload Profiling:
	ReloadAssembly (1226ms)
		BeginReloadAssembly (156ms)
			ExecutionOrderSort (0ms)
			DisableScriptedObjects (7ms)
			BackupInstance (0ms)
			ReleaseScriptingObjects (0ms)
			CreateAndSetChildDomain (47ms)
		EndReloadAssembly (995ms)
			LoadAssemblies (122ms)
			RebuildTransferFunctionScriptingTraits (0ms)
			SetupTypeCache (309ms)
			ReleaseScriptCaches (1ms)
			RebuildScriptCaches (48ms)
			SetupLoadedEditorAssemblies (401ms)
				LogAssemblyErrors (0ms)
				InitializePlatformSupportModulesInManaged (7ms)
				SetLoadedEditorAssemblies (1ms)
				RefreshPlugins (1ms)
				BeforeProcessingInitializeOnLoad (123ms)
				ProcessInitializeOnLoadAttributes (243ms)
				ProcessInitializeOnLoadMethodAttributes (13ms)
				AfterProcessingInitializeOnLoad (12ms)
				EditorAssembliesLoaded (1ms)
			ExecutionOrderSort2 (0ms)
			AwakeInstancesAfterBackupRestoration (11ms)
Platform modules already initialized, skipping
Refreshing native plugins compatible for Editor in 0.42 ms, found 2 plugins.
Preloading 0 native plugins for Editor in 0.00 ms.
Unloading 2072 Unused Serialized files (Serialized files now loaded: 0)
System memory in use before: 107.2 MB.
System memory in use after: 107.3 MB.

Unloading 13 unused Assets to reduce memory usage. Loaded Objects now: 2642.
Total: 3.050600 ms (FindLiveObjects: 0.181800 ms CreateObjectMapping: 0.077100 ms MarkObjects: 2.703600 ms  DeleteObjects: 0.087400 ms)

AssetImportParameters requested are different than current active one (requested -> active):
  custom:framework-win-MediaFoundation: 216162199b28c13a410421893ffa2e32 -> 
  custom:video-decoder-ogg-theora: a1e56fd34408186e4bbccfd4996cb3dc -> 
  custom:container-muxer-webm: aa71ff27fc2769a1b78a27578f13a17b -> 
  custom:container-demuxer-webm: 4f35f7cbe854078d1ac9338744f61a02 -> 
  custom:container-demuxer-ogg: 62fdf1f143b41e24485cea50d1cbac27 -> 
  custom:video-encoder-webm-vp8: eb34c28f22e8b96e1ab97ce403110664 -> 
  custom:video-decoder-webm-vp8: 9c59270c3fd7afecdb556c50c9e8de78 -> 
  custom:audio-decoder-ogg-vorbis: bf7c407c2cedff20999df2af8eb42d56 -> 
  custom:audio-encoder-webm-vorbis: bf7c407c2cedff20999df2af8eb42d56 -> 
========================================================================
Received Prepare
Registering precompiled user dll's ...
Registered in 0.003736 seconds.
Begin MonoManager ReloadAssembly
Native extension for WindowsStandalone target not found
Refreshing native plugins compatible for Editor in 0.47 ms, found 2 plugins.
Preloading 0 native plugins for Editor in 0.00 ms.
Mono: successfully reloaded assembly
- Completed reload, in  1.133 seconds
Domain Reload Profiling:
	ReloadAssembly (1134ms)
		BeginReloadAssembly (140ms)
			ExecutionOrderSort (0ms)
			DisableScriptedObjects (6ms)
			BackupInstance (0ms)
			ReleaseScriptingObjects (0ms)
			CreateAndSetChildDomain (34ms)
		EndReloadAssembly (921ms)
			LoadAssemblies (120ms)
			RebuildTransferFunctionScriptingTraits (0ms)
			SetupTypeCache (294ms)
			ReleaseScriptCaches (1ms)
			RebuildScriptCaches (43ms)
			SetupLoadedEditorAssemblies (385ms)
				LogAssemblyErrors (0ms)
				InitializePlatformSupportModulesInManaged (5ms)
				SetLoadedEditorAssemblies (1ms)
				RefreshPlugins (1ms)
				BeforeProcessingInitializeOnLoad (83ms)
				ProcessInitializeOnLoadAttributes (275ms)
				ProcessInitializeOnLoadMethodAttributes (11ms)
				AfterProcessingInitializeOnLoad (9ms)
				EditorAssembliesLoaded (0ms)
			ExecutionOrderSort2 (0ms)
			AwakeInstancesAfterBackupRestoration (8ms)
Platform modules already initialized, skipping
Refreshing native plugins compatible for Editor in 0.46 ms, found 2 plugins.
Preloading 0 native plugins for Editor in 0.00 ms.
Unloading 2072 Unused Serialized files (Serialized files now loaded: 0)
System memory in use before: 107.2 MB.
System memory in use after: 107.3 MB.

Unloading 13 unused Assets to reduce memory usage. Loaded Objects now: 2644.
Total: 3.313000 ms (FindLiveObjects: 0.250300 ms CreateObjectMapping: 0.065800 ms MarkObjects: 2.904200 ms  DeleteObjects: 0.091800 ms)

AssetImportParameters requested are different than current active one (requested -> active):
  custom:framework-win-MediaFoundation: 216162199b28c13a410421893ffa2e32 -> 
  custom:video-decoder-ogg-theora: a1e56fd34408186e4bbccfd4996cb3dc -> 
  custom:container-muxer-webm: aa71ff27fc2769a1b78a27578f13a17b -> 
  custom:container-demuxer-webm: 4f35f7cbe854078d1ac9338744f61a02 -> 
  custom:container-demuxer-ogg: 62fdf1f143b41e24485cea50d1cbac27 -> 
  custom:video-encoder-webm-vp8: eb34c28f22e8b96e1ab97ce403110664 -> 
  custom:video-decoder-webm-vp8: 9c59270c3fd7afecdb556c50c9e8de78 -> 
  custom:audio-decoder-ogg-vorbis: bf7c407c2cedff20999df2af8eb42d56 -> 
  custom:audio-encoder-webm-vorbis: bf7c407c2cedff20999df2af8eb42d56 -> 
========================================================================
Received Prepare
Registering precompiled user dll's ...
Registered in 0.010693 seconds.
Begin MonoManager ReloadAssembly
Native extension for WindowsStandalone target not found
Refreshing native plugins compatible for Editor in 0.73 ms, found 2 plugins.
Preloading 0 native plugins for Editor in 0.00 ms.
Mono: successfully reloaded assembly
- Completed reload, in  2.892 seconds
Domain Reload Profiling:
	ReloadAssembly (2893ms)
		BeginReloadAssembly (330ms)
			ExecutionOrderSort (0ms)
			DisableScriptedObjects (11ms)
			BackupInstance (0ms)
			ReleaseScriptingObjects (0ms)
			CreateAndSetChildDomain (87ms)
		EndReloadAssembly (2357ms)
			LoadAssemblies (323ms)
			RebuildTransferFunctionScriptingTraits (0ms)
			SetupTypeCache (943ms)
			ReleaseScriptCaches (3ms)
			RebuildScriptCaches (118ms)
			SetupLoadedEditorAssemblies (766ms)
				LogAssemblyErrors (0ms)
				InitializePlatformSupportModulesInManaged (15ms)
				SetLoadedEditorAssemblies (1ms)
				RefreshPlugins (1ms)
				BeforeProcessingInitializeOnLoad (197ms)
				ProcessInitializeOnLoadAttributes (518ms)
				ProcessInitializeOnLoadMethodAttributes (17ms)
				AfterProcessingInitializeOnLoad (16ms)
				EditorAssembliesLoaded (0ms)
			ExecutionOrderSort2 (0ms)
			AwakeInstancesAfterBackupRestoration (20ms)
Platform modules already initialized, skipping
Refreshing native plugins compatible for Editor in 1.19 ms, found 2 plugins.
Preloading 0 native plugins for Editor in 0.00 ms.
Unloading 2072 Unused Serialized files (Serialized files now loaded: 0)
System memory in use before: 107.1 MB.
System memory in use after: 107.2 MB.

Unloading 13 unused Assets to reduce memory usage. Loaded Objects now: 2646.
Total: 7.089200 ms (FindLiveObjects: 0.301900 ms CreateObjectMapping: 0.179400 ms MarkObjects: 6.478800 ms  DeleteObjects: 0.127600 ms)

AssetImportParameters requested are different than current active one (requested -> active):
  custom:framework-win-MediaFoundation: 216162199b28c13a410421893ffa2e32 -> 
  custom:video-decoder-ogg-theora: a1e56fd34408186e4bbccfd4996cb3dc -> 
  custom:container-muxer-webm: aa71ff27fc2769a1b78a27578f13a17b -> 
  custom:container-demuxer-webm: 4f35f7cbe854078d1ac9338744f61a02 -> 
  custom:container-demuxer-ogg: 62fdf1f143b41e24485cea50d1cbac27 -> 
  custom:video-encoder-webm-vp8: eb34c28f22e8b96e1ab97ce403110664 -> 
  custom:video-decoder-webm-vp8: 9c59270c3fd7afecdb556c50c9e8de78 -> 
  custom:audio-decoder-ogg-vorbis: bf7c407c2cedff20999df2af8eb42d56 -> 
  custom:audio-encoder-webm-vorbis: bf7c407c2cedff20999df2af8eb42d56 -> 
========================================================================
Received Prepare
Registering precompiled user dll's ...
Registered in 0.003654 seconds.
Begin MonoManager ReloadAssembly
Native extension for WindowsStandalone target not found
Refreshing native plugins compatible for Editor in 0.45 ms, found 2 plugins.
Preloading 0 native plugins for Editor in 0.00 ms.
Mono: successfully reloaded assembly
- Completed reload, in  1.324 seconds
Domain Reload Profiling:
	ReloadAssembly (1324ms)
		BeginReloadAssembly (157ms)
			ExecutionOrderSort (0ms)
			DisableScriptedObjects (4ms)
			BackupInstance (0ms)
			ReleaseScriptingObjects (0ms)
			CreateAndSetChildDomain (37ms)
		EndReloadAssembly (1103ms)
			LoadAssemblies (131ms)
			RebuildTransferFunctionScriptingTraits (0ms)
			SetupTypeCache (337ms)
			ReleaseScriptCaches (1ms)
			RebuildScriptCaches (46ms)
			SetupLoadedEditorAssemblies (479ms)
				LogAssemblyErrors (0ms)
				InitializePlatformSupportModulesInManaged (5ms)
				SetLoadedEditorAssemblies (1ms)
				RefreshPlugins (1ms)
				BeforeProcessingInitializeOnLoad (107ms)
				ProcessInitializeOnLoadAttributes (327ms)
				ProcessInitializeOnLoadMethodAttributes (20ms)
				AfterProcessingInitializeOnLoad (18ms)
				EditorAssembliesLoaded (0ms)
			ExecutionOrderSort2 (0ms)
			AwakeInstancesAfterBackupRestoration (14ms)
Platform modules already initialized, skipping
Refreshing native plugins compatible for Editor in 0.75 ms, found 2 plugins.
Preloading 0 native plugins for Editor in 0.00 ms.
Unloading 2072 Unused Serialized files (Serialized files now loaded: 0)
System memory in use before: 107.2 MB.
System memory in use after: 107.3 MB.

Unloading 13 unused Assets to reduce memory usage. Loaded Objects now: 2648.
Total: 6.071200 ms (FindLiveObjects: 0.425200 ms CreateObjectMapping: 0.127000 ms MarkObjects: 5.402200 ms  DeleteObjects: 0.115500 ms)

AssetImportParameters requested are different than current active one (requested -> active):
  custom:framework-win-MediaFoundation: 216162199b28c13a410421893ffa2e32 -> 
  custom:video-decoder-ogg-theora: a1e56fd34408186e4bbccfd4996cb3dc -> 
  custom:container-muxer-webm: aa71ff27fc2769a1b78a27578f13a17b -> 
  custom:container-demuxer-webm: 4f35f7cbe854078d1ac9338744f61a02 -> 
  custom:container-demuxer-ogg: 62fdf1f143b41e24485cea50d1cbac27 -> 
  custom:video-encoder-webm-vp8: eb34c28f22e8b96e1ab97ce403110664 -> 
  custom:video-decoder-webm-vp8: 9c59270c3fd7afecdb556c50c9e8de78 -> 
  custom:audio-decoder-ogg-vorbis: bf7c407c2cedff20999df2af8eb42d56 -> 
  custom:audio-encoder-webm-vorbis: bf7c407c2cedff20999df2af8eb42d56 -> 
========================================================================
Received Prepare
Registering precompiled user dll's ...
Registered in 0.003634 seconds.
Begin MonoManager ReloadAssembly
Native extension for WindowsStandalone target not found
Refreshing native plugins compatible for Editor in 0.88 ms, found 2 plugins.
Preloading 0 native plugins for Editor in 0.00 ms.
Mono: successfully reloaded assembly
- Completed reload, in  1.092 seconds
Domain Reload Profiling:
	ReloadAssembly (1093ms)
		BeginReloadAssembly (130ms)
			ExecutionOrderSort (0ms)
			DisableScriptedObjects (4ms)
			BackupInstance (0ms)
			ReleaseScriptingObjects (0ms)
			CreateAndSetChildDomain (32ms)
		EndReloadAssembly (884ms)
			LoadAssemblies (108ms)
			RebuildTransferFunctionScriptingTraits (0ms)
			SetupTypeCache (291ms)
			ReleaseScriptCaches (1ms)
			RebuildScriptCaches (41ms)
			SetupLoadedEditorAssemblies (362ms)
				LogAssemblyErrors (0ms)
				InitializePlatformSupportModulesInManaged (6ms)
				SetLoadedEditorAssemblies (2ms)
				RefreshPlugins (1ms)
				BeforeProcessingInitializeOnLoad (100ms)
				ProcessInitializeOnLoadAttributes (232ms)
				ProcessInitializeOnLoadMethodAttributes (10ms)
				AfterProcessingInitializeOnLoad (10ms)
				EditorAssembliesLoaded (0ms)
			ExecutionOrderSort2 (0ms)
			AwakeInstancesAfterBackupRestoration (7ms)
Platform modules already initialized, skipping
Refreshing native plugins compatible for Editor in 0.86 ms, found 2 plugins.
Preloading 0 native plugins for Editor in 0.00 ms.
Unloading 2072 Unused Serialized files (Serialized files now loaded: 0)
System memory in use before: 107.2 MB.
System memory in use after: 107.3 MB.

Unloading 13 unused Assets to reduce memory usage. Loaded Objects now: 2650.
Total: 5.027900 ms (FindLiveObjects: 0.274500 ms CreateObjectMapping: 0.099400 ms MarkObjects: 4.546200 ms  DeleteObjects: 0.106100 ms)

AssetImportParameters requested are different than current active one (requested -> active):
  custom:framework-win-MediaFoundation: 216162199b28c13a410421893ffa2e32 -> 
  custom:video-decoder-ogg-theora: a1e56fd34408186e4bbccfd4996cb3dc -> 
  custom:container-muxer-webm: aa71ff27fc2769a1b78a27578f13a17b -> 
  custom:container-demuxer-webm: 4f35f7cbe854078d1ac9338744f61a02 -> 
  custom:container-demuxer-ogg: 62fdf1f143b41e24485cea50d1cbac27 -> 
  custom:video-encoder-webm-vp8: eb34c28f22e8b96e1ab97ce403110664 -> 
  custom:video-decoder-webm-vp8: 9c59270c3fd7afecdb556c50c9e8de78 -> 
  custom:audio-decoder-ogg-vorbis: bf7c407c2cedff20999df2af8eb42d56 -> 
  custom:audio-encoder-webm-vorbis: bf7c407c2cedff20999df2af8eb42d56 -> 
========================================================================
Received Import Request.
  Time since last request: 2936.029008 seconds.
  path: Assets/Prefabs/Mapa.prefab
  artifactKey: Guid(f962af99d3651e04a8ac00275614132f) Importer(815301076,1909f56bfc062723c751e8b465ee728b)
Start importing Assets/Prefabs/Mapa.prefab using Guid(f962af99d3651e04a8ac00275614132f) Importer(815301076,1909f56bfc062723c751e8b465ee728b)  -> (artifact id: 'd0c99f5cfdfebb2b3a23b42c79744cfc') in 0.094080 seconds 
========================================================================
Received Prepare
Registering precompiled user dll's ...
Registered in 0.010083 seconds.
Begin MonoManager ReloadAssembly
Native extension for WindowsStandalone target not found
Refreshing native plugins compatible for Editor in 0.53 ms, found 2 plugins.
Preloading 0 native plugins for Editor in 0.00 ms.
Mono: successfully reloaded assembly
- Completed reload, in  1.067 seconds
Domain Reload Profiling:
	ReloadAssembly (1068ms)
		BeginReloadAssembly (134ms)
			ExecutionOrderSort (0ms)
			DisableScriptedObjects (4ms)
			BackupInstance (0ms)
			ReleaseScriptingObjects (0ms)
			CreateAndSetChildDomain (38ms)
		EndReloadAssembly (859ms)
			LoadAssemblies (111ms)
			RebuildTransferFunctionScriptingTraits (0ms)
			SetupTypeCache (294ms)
			ReleaseScriptCaches (1ms)
			RebuildScriptCaches (45ms)
			SetupLoadedEditorAssemblies (317ms)
				LogAssemblyErrors (0ms)
				InitializePlatformSupportModulesInManaged (5ms)
				SetLoadedEditorAssemblies (0ms)
				RefreshPlugins (1ms)
				BeforeProcessingInitializeOnLoad (83ms)
				ProcessInitializeOnLoadAttributes (210ms)
				ProcessInitializeOnLoadMethodAttributes (9ms)
				AfterProcessingInitializeOnLoad (8ms)
				EditorAssembliesLoaded (0ms)
			ExecutionOrderSort2 (0ms)
			AwakeInstancesAfterBackupRestoration (7ms)
Platform modules already initialized, skipping
Refreshing native plugins compatible for Editor in 0.48 ms, found 2 plugins.
Preloading 0 native plugins for Editor in 0.00 ms.
Unloading 2072 Unused Serialized files (Serialized files now loaded: 0)
System memory in use before: 107.2 MB.
System memory in use after: 107.3 MB.

Unloading 14 unused Assets to reduce memory usage. Loaded Objects now: 2653.
Total: 3.846800 ms (FindLiveObjects: 0.211900 ms CreateObjectMapping: 0.069300 ms MarkObjects: 3.436000 ms  DeleteObjects: 0.128200 ms)

AssetImportParameters requested are different than current active one (requested -> active):
  custom:framework-win-MediaFoundation: 216162199b28c13a410421893ffa2e32 -> 
  custom:video-decoder-ogg-theora: a1e56fd34408186e4bbccfd4996cb3dc -> 
  custom:container-muxer-webm: aa71ff27fc2769a1b78a27578f13a17b -> 
  custom:container-demuxer-webm: 4f35f7cbe854078d1ac9338744f61a02 -> 
  custom:container-demuxer-ogg: 62fdf1f143b41e24485cea50d1cbac27 -> 
  custom:video-encoder-webm-vp8: eb34c28f22e8b96e1ab97ce403110664 -> 
  custom:video-decoder-webm-vp8: 9c59270c3fd7afecdb556c50c9e8de78 -> 
  custom:audio-decoder-ogg-vorbis: bf7c407c2cedff20999df2af8eb42d56 -> 
  custom:audio-encoder-webm-vorbis: bf7c407c2cedff20999df2af8eb42d56 -> 
========================================================================
Received Prepare
Registering precompiled user dll's ...
Registered in 0.007891 seconds.
Begin MonoManager ReloadAssembly
Native extension for WindowsStandalone target not found
Refreshing native plugins compatible for Editor in 0.82 ms, found 2 plugins.
Preloading 0 native plugins for Editor in 0.00 ms.
Mono: successfully reloaded assembly
- Completed reload, in  2.346 seconds
Domain Reload Profiling:
	ReloadAssembly (2348ms)
		BeginReloadAssembly (306ms)
			ExecutionOrderSort (0ms)
			DisableScriptedObjects (12ms)
			BackupInstance (0ms)
			ReleaseScriptingObjects (0ms)
			CreateAndSetChildDomain (75ms)
		EndReloadAssembly (1892ms)
			LoadAssemblies (269ms)
			RebuildTransferFunctionScriptingTraits (0ms)
			SetupTypeCache (617ms)
			ReleaseScriptCaches (2ms)
			RebuildScriptCaches (104ms)
			SetupLoadedEditorAssemblies (721ms)
				LogAssemblyErrors (0ms)
				InitializePlatformSupportModulesInManaged (12ms)
				SetLoadedEditorAssemblies (2ms)
				RefreshPlugins (1ms)
				BeforeProcessingInitializeOnLoad (187ms)
				ProcessInitializeOnLoadAttributes (474ms)
				ProcessInitializeOnLoadMethodAttributes (25ms)
				AfterProcessingInitializeOnLoad (19ms)
				EditorAssembliesLoaded (0ms)
			ExecutionOrderSort2 (0ms)
			AwakeInstancesAfterBackupRestoration (15ms)
Platform modules already initialized, skipping
Refreshing native plugins compatible for Editor in 0.89 ms, found 2 plugins.
Preloading 0 native plugins for Editor in 0.00 ms.
Unloading 2072 Unused Serialized files (Serialized files now loaded: 0)
System memory in use before: 107.2 MB.
System memory in use after: 107.3 MB.

Unloading 13 unused Assets to reduce memory usage. Loaded Objects now: 2655.
Total: 6.690700 ms (FindLiveObjects: 0.431800 ms CreateObjectMapping: 0.195200 ms MarkObjects: 5.884200 ms  DeleteObjects: 0.177600 ms)

AssetImportParameters requested are different than current active one (requested -> active):
  custom:framework-win-MediaFoundation: 216162199b28c13a410421893ffa2e32 -> 
  custom:video-decoder-ogg-theora: a1e56fd34408186e4bbccfd4996cb3dc -> 
  custom:container-muxer-webm: aa71ff27fc2769a1b78a27578f13a17b -> 
  custom:container-demuxer-webm: 4f35f7cbe854078d1ac9338744f61a02 -> 
  custom:container-demuxer-ogg: 62fdf1f143b41e24485cea50d1cbac27 -> 
  custom:video-encoder-webm-vp8: eb34c28f22e8b96e1ab97ce403110664 -> 
  custom:video-decoder-webm-vp8: 9c59270c3fd7afecdb556c50c9e8de78 -> 
  custom:audio-decoder-ogg-vorbis: bf7c407c2cedff20999df2af8eb42d56 -> 
  custom:audio-encoder-webm-vorbis: bf7c407c2cedff20999df2af8eb42d56 -> 
AssetImportWorkerClient::OnTransportError - code=2 error=End of file
